[debug] [2023-05-30T13:13:38.906Z] ----------------------------------------------------------------------
[debug] [2023-05-30T13:13:38.908Z] Command:       C:\Program Files\nodejs\node.exe C:\Users\isuru\AppData\Roaming\npm\node_modules\firebase-tools\lib\bin\firebase.js emulators:start
[debug] [2023-05-30T13:13:38.908Z] CLI Version:   12.2.1
[debug] [2023-05-30T13:13:38.909Z] Platform:      win32
[debug] [2023-05-30T13:13:38.909Z] Node Version:  v18.16.0
[debug] [2023-05-30T13:13:38.909Z] Time:          Tue May 30 2023 18:43:38 GMT+0530 (India Standard Time)
[debug] [2023-05-30T13:13:38.909Z] ----------------------------------------------------------------------
[debug] 
[debug] [2023-05-30T13:13:39.028Z] > command requires scopes: ["email","openid","https://www.googleapis.com/auth/cloudplatformprojects.readonly","https://www.googleapis.com/auth/firebase","https://www.googleapis.com/auth/cloud-platform"]
[debug] [2023-05-30T13:13:39.029Z] > authorizing via signed-in user (isuruman1999@gmail.com)
[info] i  emulators: Starting emulators: functions, hosting {"metadata":{"emulator":{"name":"hub"},"message":"Starting emulators: functions, hosting"}}
[debug] [2023-05-30T13:13:39.041Z] [logging] Logging Emulator only supports listening on one address (127.0.0.1). Not listening on ::1
[debug] [2023-05-30T13:13:39.041Z] [hosting] Hosting Emulator only supports listening on one address (127.0.0.1). Not listening on ::1
[debug] [2023-05-30T13:13:39.041Z] assigned listening specs for emulators {"user":{"hub":[{"address":"127.0.0.1","family":"IPv4","port":4400},{"address":"::1","family":"IPv6","port":4400}],"ui":[{"address":"127.0.0.1","family":"IPv4","port":4000},{"address":"::1","family":"IPv6","port":4000}],"logging":[{"address":"127.0.0.1","family":"IPv4","port":4500}],"hosting":[{"address":"127.0.0.1","family":"IPv4","port":5000}]},"metadata":{"message":"assigned listening specs for emulators"}}
[debug] [2023-05-30T13:13:39.056Z] [hub] writing locator at C:\Users\isuru\AppData\Local\Temp\hub-clone-202305.json
[debug] [2023-05-30T13:13:39.100Z] [functions] Functions Emulator only supports listening on one address (127.0.0.1). Not listening on ::1
[debug] [2023-05-30T13:13:39.100Z] [eventarc] Eventarc Emulator only supports listening on one address (127.0.0.1). Not listening on ::1
[debug] [2023-05-30T13:13:39.100Z] late-assigned ports for functions and eventarc emulators {"user":{"hub":[{"address":"127.0.0.1","family":"IPv4","port":4400},{"address":"::1","family":"IPv6","port":4400}],"ui":[{"address":"127.0.0.1","family":"IPv4","port":4000},{"address":"::1","family":"IPv6","port":4000}],"logging":[{"address":"127.0.0.1","family":"IPv4","port":4500}],"hosting":[{"address":"127.0.0.1","family":"IPv4","port":5000}],"functions":[{"address":"127.0.0.1","family":"IPv4","port":5001}],"eventarc":[{"address":"127.0.0.1","family":"IPv4","port":9299}]},"metadata":{"message":"late-assigned ports for functions and eventarc emulators"}}
[warn] !  functions: The following emulators are not running, calls to these services from the Functions emulator will affect production: auth, firestore, database, pubsub, storage {"metadata":{"emulator":{"name":"functions"},"message":"The following emulators are not running, calls to these services from the Functions emulator will affect production: \u001b[1mauth, firestore, database, pubsub, storage\u001b[22m"}}
[debug] [2023-05-30T13:13:39.113Z] defaultcredentials: writing to file C:\Users\isuru\AppData\Roaming\firebase\isuruman1999_gmail_com_application_default_credentials.json
[debug] [2023-05-30T13:13:39.118Z] Setting GAC to C:\Users\isuru\AppData\Roaming\firebase\isuruman1999_gmail_com_application_default_credentials.json {"metadata":{"emulator":{"name":"functions"},"message":"Setting GAC to C:\\Users\\isuru\\AppData\\Roaming\\firebase\\isuruman1999_gmail_com_application_default_credentials.json"}}
[debug] [2023-05-30T13:13:39.121Z] >>> [apiv2][query] GET https://firebase.googleapis.com/v1beta1/projects/clone-202305/adminSdkConfig [none]
[debug] [2023-05-30T13:13:39.738Z] <<< [apiv2][status] GET https://firebase.googleapis.com/v1beta1/projects/clone-202305/adminSdkConfig 200
[debug] [2023-05-30T13:13:39.738Z] <<< [apiv2][body] GET https://firebase.googleapis.com/v1beta1/projects/clone-202305/adminSdkConfig {"projectId":"clone-202305","storageBucket":"clone-202305.appspot.com"}
[debug] [2023-05-30T13:13:39.758Z] >>> [apiv2][query] GET https://firebasehosting.googleapis.com/v1beta1/projects/clone-202305/sites 
[debug] [2023-05-30T13:13:42.201Z] <<< [apiv2][status] GET https://firebasehosting.googleapis.com/v1beta1/projects/clone-202305/sites 200
[debug] [2023-05-30T13:13:42.201Z] <<< [apiv2][body] GET https://firebasehosting.googleapis.com/v1beta1/projects/clone-202305/sites {"sites":[{"name":"projects/clone-202305/sites/clone-202305","defaultUrl":"https://clone-202305.web.app","appId":"1:620110681681:web:2ab75012a51126b72e8a70","type":"DEFAULT_SITE"}]}
[debug] [2023-05-30T13:13:42.201Z] >>> [apiv2][query] GET https://firebase.googleapis.com/v1beta1/projects/clone-202305/webApps/1:620110681681:web:2ab75012a51126b72e8a70/config [none]
[debug] [2023-05-30T13:13:43.585Z] <<< [apiv2][status] GET https://firebase.googleapis.com/v1beta1/projects/clone-202305/webApps/1:620110681681:web:2ab75012a51126b72e8a70/config 200
[debug] [2023-05-30T13:13:43.585Z] <<< [apiv2][body] GET https://firebase.googleapis.com/v1beta1/projects/clone-202305/webApps/1:620110681681:web:2ab75012a51126b72e8a70/config {"projectId":"clone-202305","appId":"1:620110681681:web:2ab75012a51126b72e8a70","storageBucket":"clone-202305.appspot.com","apiKey":"AIzaSyBpV_k3-Ct7iHbxNS-SY_znA9SmW6PMg-w","authDomain":"clone-202305.firebaseapp.com","messagingSenderId":"620110681681","measurementId":"G-445PEHH1EF"}
[debug] [2023-05-30T13:13:43.590Z] >>> [apiv2][query] GET https://firebase.googleapis.com/v1beta1/projects/clone-202305 [none]
[debug] [2023-05-30T13:13:44.168Z] <<< [apiv2][status] GET https://firebase.googleapis.com/v1beta1/projects/clone-202305 200
[debug] [2023-05-30T13:13:44.169Z] <<< [apiv2][body] GET https://firebase.googleapis.com/v1beta1/projects/clone-202305 {"projectId":"clone-202305","projectNumber":"620110681681","displayName":"amazon-clone","name":"projects/clone-202305","resources":{"hostingSite":"clone-202305"},"state":"ACTIVE","etag":"1_f6b3ef52-3dfd-4da6-80a9-6027c23bee99"}
[info] i  hosting[clone-202305]: Serving hosting files from: build {"metadata":{"emulator":{"name":"hosting"},"message":"Serving hosting files from: \u001b[1mbuild\u001b[22m"}}
[info] +  hosting[clone-202305]: Local server: http://127.0.0.1:5000 {"metadata":{"emulator":{"name":"hosting"},"message":"Local server: \u001b[4m\u001b[1mhttp://127.0.0.1:5000\u001b[22m\u001b[24m"}}
[debug] [2023-05-30T13:13:44.198Z] Ignoring unsupported arg: auto_download {"metadata":{"emulator":{"name":"ui"},"message":"Ignoring unsupported arg: auto_download"}}
[debug] [2023-05-30T13:13:44.199Z] Ignoring unsupported arg: port {"metadata":{"emulator":{"name":"ui"},"message":"Ignoring unsupported arg: port"}}
[debug] [2023-05-30T13:13:44.199Z] Starting Emulator UI with command {"binary":"node","args":["C:\\Users\\isuru\\.cache\\firebase\\emulators\\ui-v1.11.6\\server\\server.js"],"optionalArgs":[],"joinArgs":false} {"metadata":{"emulator":{"name":"ui"},"message":"Starting Emulator UI with command {\"binary\":\"node\",\"args\":[\"C:\\\\Users\\\\isuru\\\\.cache\\\\firebase\\\\emulators\\\\ui-v1.11.6\\\\server\\\\server.js\"],\"optionalArgs\":[],\"joinArgs\":false}"}}
[info] i  ui: Emulator UI logging to ui-debug.log {"metadata":{"emulator":{"name":"ui"},"message":"Emulator UI logging to \u001b[1mui-debug.log\u001b[22m"}}
[debug] [2023-05-30T13:13:44.375Z] Web / API server started at 127.0.0.1:4000
 {"metadata":{"emulator":{"name":"ui"},"message":"Web / API server started at 127.0.0.1:4000\n"}}
[debug] [2023-05-30T13:13:44.376Z] Web / API server started at ::1:4000
 {"metadata":{"emulator":{"name":"ui"},"message":"Web / API server started at ::1:4000\n"}}
[info] i  functions: Watching "C:\Users\isuru\WebstormProjects\amazon_clone\functions" for Cloud Functions... {"metadata":{"emulator":{"name":"functions"},"message":"Watching \"C:\\Users\\isuru\\WebstormProjects\\amazon_clone\\functions\" for Cloud Functions..."}}
[debug] [2023-05-30T13:13:44.486Z] Validating nodejs source
[debug] [2023-05-30T13:13:47.053Z] > [functions] package.json contents: {
  "name": "functions",
  "description": "Cloud Functions for Firebase",
  "scripts": {
    "lint": "eslint .",
    "serve": "firebase emulators:start --only functions",
    "shell": "firebase functions:shell",
    "start": "npm run shell",
    "deploy": "firebase deploy --only functions",
    "logs": "firebase functions:log"
  },
  "engines": {
    "node": "18"
  },
  "main": "index.js",
  "dependencies": {
    "cors": "^2.8.5",
    "express": "^4.18.2",
    "firebase-admin": "^11.8.0",
    "firebase-functions": "^4.3.1",
    "stripe": "^12.7.0"
  },
  "devDependencies": {
    "eslint-config-google": "^0.14.0",
    "firebase-functions-test": "^3.1.0"
  },
  "private": true
}
[debug] [2023-05-30T13:13:47.054Z] Building nodejs source
[debug] [2023-05-30T13:13:47.054Z] Failed to find version of module node: reached end of search path C:\Users\isuru\WebstormProjects\amazon_clone\functions\node_modules
[info] +  functions: Using node@18 from host. 
[debug] [2023-05-30T13:13:47.057Z] Could not find functions.yaml. Must use http discovery
[debug] [2023-05-30T13:13:47.062Z] Found firebase-functions binary at 'C:\Users\isuru\WebstormProjects\amazon_clone\functions\node_modules\.bin\firebase-functions'
[debug] [2023-05-30T13:13:47.372Z] Serving at port 8945

[debug] [2023-05-30T13:13:47.756Z] Got response from /__/functions.yaml {"endpoints":{"api":{"platform":"gcfv1","availableMemoryMb":null,"timeoutSeconds":null,"minInstances":null,"maxInstances":null,"ingressSettings":null,"serviceAccountEmail":null,"vpc":null,"httpsTrigger":{},"entryPoint":"api"}},"specVersion":"v1alpha1","requiredAPIs":[]}
[debug] [2023-05-30T13:13:47.764Z] shutdown requested via /__/quitquitquit

[info] +  functions: Loaded functions definitions from source: api. {"metadata":{"emulator":{"name":"functions"},"message":"Loaded functions definitions from source: api."}}
[info] +  functions[us-central1-api]: http function initialized (http://127.0.0.1:5001/clone-202305/us-central1/api). {"metadata":{"emulator":{"name":"functions"},"message":"\u001b[1mhttp\u001b[22m function initialized (http://127.0.0.1:5001/clone-202305/us-central1/api)."}}
[info] 
┌─────────────────────────────────────────────────────────────┐
│ ✔  All emulators ready! It is now safe to connect your app. │
│ i  View Emulator UI at http://127.0.0.1:4000/               │
└─────────────────────────────────────────────────────────────┘

┌───────────┬────────────────┬─────────────────────────────────┐
│ Emulator  │ Host:Port      │ View in Emulator UI             │
├───────────┼────────────────┼─────────────────────────────────┤
│ Functions │ 127.0.0.1:5001 │ http://127.0.0.1:4000/functions │
├───────────┼────────────────┼─────────────────────────────────┤
│ Hosting   │ 127.0.0.1:5000 │ n/a                             │
└───────────┴────────────────┴─────────────────────────────────┘
  Emulator Hub running at 127.0.0.1:4400
  Other reserved ports: 4500

Issues? Report them at https://github.com/firebase/firebase-tools/issues and attach the *-debug.log files.
 
[debug] [2023-05-30T13:14:01.625Z] [work-queue] {"queuedWork":["/clone-202305/us-central1/api/payments/create-2023-05-30T13:14:01.624Z"],"queueLength":1,"runningWork":[],"workRunningCount":0}
[debug] [2023-05-30T13:14:01.627Z] [work-queue] {"queuedWork":[],"queueLength":0,"runningWork":["/clone-202305/us-central1/api/payments/create-2023-05-30T13:14:01.624Z"],"workRunningCount":1}
[debug] [2023-05-30T13:14:01.629Z] Accepted request POST /clone-202305/us-central1/api/payments/create?total=250000 --> us-central1-api
[debug] [2023-05-30T13:14:01.640Z] [functions] Runtime ready! Sending request! {"metadata":{"emulator":{"name":"functions"},"message":"[functions] Runtime ready! Sending request!"}}
[debug] [2023-05-30T13:14:01.642Z] [functions] Got req.url=/clone-202305/us-central1/api/payments/create?total=250000, mapping to path=/payments/create?total=250000 {"metadata":{"emulator":{"name":"functions"},"message":"[functions] Got req.url=/clone-202305/us-central1/api/payments/create?total=250000, mapping to path=/payments/create?total=250000"}}
[debug] [2023-05-30T13:14:01.657Z] [worker-pool] addWorker(us-central1-api) {"metadata":{"emulator":{"name":"functions"},"message":"[worker-pool] addWorker(us-central1-api)"}}
[debug] [2023-05-30T13:14:01.658Z] [worker-pool] Adding worker with key us-central1-api, total=1 {"metadata":{"emulator":{"name":"functions"},"message":"[worker-pool] Adding worker with key us-central1-api, total=1"}}
[debug] [2023-05-30T13:14:03.017Z] [runtime-status] [14448] Resolved module firebase-admin {"declared":true,"installed":true,"version":"11.8.0","resolution":"C:\\Users\\isuru\\WebstormProjects\\amazon_clone\\functions\\node_modules\\firebase-admin\\lib\\index.js"} {"metadata":{"emulator":{"name":"functions"},"function":{"name":"us-central1-api"},"extension":{},"message":"[runtime-status] [14448] Resolved module firebase-admin {\"declared\":true,\"installed\":true,\"version\":\"11.8.0\",\"resolution\":\"C:\\\\Users\\\\isuru\\\\WebstormProjects\\\\amazon_clone\\\\functions\\\\node_modules\\\\firebase-admin\\\\lib\\\\index.js\"}"}}
[debug] [2023-05-30T13:14:03.018Z] [runtime-status] [14448] Resolved module firebase-functions {"declared":true,"installed":true,"version":"4.4.0","resolution":"C:\\Users\\isuru\\WebstormProjects\\amazon_clone\\functions\\node_modules\\firebase-functions\\lib\\v1\\index.js"} {"metadata":{"emulator":{"name":"functions"},"function":{"name":"us-central1-api"},"extension":{},"message":"[runtime-status] [14448] Resolved module firebase-functions {\"declared\":true,\"installed\":true,\"version\":\"4.4.0\",\"resolution\":\"C:\\\\Users\\\\isuru\\\\WebstormProjects\\\\amazon_clone\\\\functions\\\\node_modules\\\\firebase-functions\\\\lib\\\\v1\\\\index.js\"}"}}
[debug] [2023-05-30T13:14:03.019Z] [runtime-status] [14448] Outgoing network have been stubbed. [{"name":"http","status":"mocked"},{"name":"http","status":"mocked"},{"name":"https","status":"mocked"},{"name":"https","status":"mocked"},{"name":"net","status":"mocked"}] {"metadata":{"emulator":{"name":"functions"},"function":{"name":"us-central1-api"},"extension":{},"message":"[runtime-status] [14448] Outgoing network have been stubbed. [{\"name\":\"http\",\"status\":\"mocked\"},{\"name\":\"http\",\"status\":\"mocked\"},{\"name\":\"https\",\"status\":\"mocked\"},{\"name\":\"https\",\"status\":\"mocked\"},{\"name\":\"net\",\"status\":\"mocked\"}]"}}
[debug] [2023-05-30T13:14:03.020Z] [runtime-status] [14448] Resolved module firebase-functions {"declared":true,"installed":true,"version":"4.4.0","resolution":"C:\\Users\\isuru\\WebstormProjects\\amazon_clone\\functions\\node_modules\\firebase-functions\\lib\\v1\\index.js"} {"metadata":{"emulator":{"name":"functions"},"function":{"name":"us-central1-api"},"extension":{},"message":"[runtime-status] [14448] Resolved module firebase-functions {\"declared\":true,\"installed\":true,\"version\":\"4.4.0\",\"resolution\":\"C:\\\\Users\\\\isuru\\\\WebstormProjects\\\\amazon_clone\\\\functions\\\\node_modules\\\\firebase-functions\\\\lib\\\\v1\\\\index.js\"}"}}
[debug] [2023-05-30T13:14:03.348Z] [runtime-status] [14448] Checked functions.config() {"config":{}} {"metadata":{"emulator":{"name":"functions"},"function":{"name":"us-central1-api"},"extension":{},"message":"[runtime-status] [14448] Checked functions.config() {\"config\":{}}"}}
[debug] [2023-05-30T13:14:03.349Z] [runtime-status] [14448] firebase-functions has been stubbed. {"functionsResolution":{"declared":true,"installed":true,"version":"4.4.0","resolution":"C:\\Users\\isuru\\WebstormProjects\\amazon_clone\\functions\\node_modules\\firebase-functions\\lib\\v1\\index.js"}} {"metadata":{"emulator":{"name":"functions"},"function":{"name":"us-central1-api"},"extension":{},"message":"[runtime-status] [14448] firebase-functions has been stubbed. {\"functionsResolution\":{\"declared\":true,\"installed\":true,\"version\":\"4.4.0\",\"resolution\":\"C:\\\\Users\\\\isuru\\\\WebstormProjects\\\\amazon_clone\\\\functions\\\\node_modules\\\\firebase-functions\\\\lib\\\\v1\\\\index.js\"}}"}}
[debug] [2023-05-30T13:14:03.350Z] [runtime-status] [14448] Resolved module firebase-functions {"declared":true,"installed":true,"version":"4.4.0","resolution":"C:\\Users\\isuru\\WebstormProjects\\amazon_clone\\functions\\node_modules\\firebase-functions\\lib\\v1\\index.js"} {"metadata":{"emulator":{"name":"functions"},"function":{"name":"us-central1-api"},"extension":{},"message":"[runtime-status] [14448] Resolved module firebase-functions {\"declared\":true,\"installed\":true,\"version\":\"4.4.0\",\"resolution\":\"C:\\\\Users\\\\isuru\\\\WebstormProjects\\\\amazon_clone\\\\functions\\\\node_modules\\\\firebase-functions\\\\lib\\\\v1\\\\index.js\"}"}}
[debug] [2023-05-30T13:14:03.352Z] [runtime-status] [14448] Resolved module firebase-admin {"declared":true,"installed":true,"version":"11.8.0","resolution":"C:\\Users\\isuru\\WebstormProjects\\amazon_clone\\functions\\node_modules\\firebase-admin\\lib\\index.js"} {"metadata":{"emulator":{"name":"functions"},"function":{"name":"us-central1-api"},"extension":{},"message":"[runtime-status] [14448] Resolved module firebase-admin {\"declared\":true,\"installed\":true,\"version\":\"11.8.0\",\"resolution\":\"C:\\\\Users\\\\isuru\\\\WebstormProjects\\\\amazon_clone\\\\functions\\\\node_modules\\\\firebase-admin\\\\lib\\\\index.js\"}"}}
[debug] [2023-05-30T13:14:03.355Z] [runtime-status] [14448] Resolved module firebase-functions {"declared":true,"installed":true,"version":"4.4.0","resolution":"C:\\Users\\isuru\\WebstormProjects\\amazon_clone\\functions\\node_modules\\firebase-functions\\lib\\v1\\index.js"} {"metadata":{"emulator":{"name":"functions"},"function":{"name":"us-central1-api"},"extension":{},"message":"[runtime-status] [14448] Resolved module firebase-functions {\"declared\":true,\"installed\":true,\"version\":\"4.4.0\",\"resolution\":\"C:\\\\Users\\\\isuru\\\\WebstormProjects\\\\amazon_clone\\\\functions\\\\node_modules\\\\firebase-functions\\\\lib\\\\v1\\\\index.js\"}"}}
[debug] [2023-05-30T13:14:03.356Z] [runtime-status] [14448] firebase-admin has been stubbed. {"adminResolution":{"declared":true,"installed":true,"version":"11.8.0","resolution":"C:\\Users\\isuru\\WebstormProjects\\amazon_clone\\functions\\node_modules\\firebase-admin\\lib\\index.js"}} {"metadata":{"emulator":{"name":"functions"},"function":{"name":"us-central1-api"},"extension":{},"message":"[runtime-status] [14448] firebase-admin has been stubbed. {\"adminResolution\":{\"declared\":true,\"installed\":true,\"version\":\"11.8.0\",\"resolution\":\"C:\\\\Users\\\\isuru\\\\WebstormProjects\\\\amazon_clone\\\\functions\\\\node_modules\\\\firebase-admin\\\\lib\\\\index.js\"}}"}}
[debug] [2023-05-30T13:14:03.546Z] [runtime-status] [14448] Functions runtime initialized. {"cwd":"C:\\Users\\isuru\\WebstormProjects\\amazon_clone\\functions","node_version":"18.16.0"} {"metadata":{"emulator":{"name":"functions"},"function":{"name":"us-central1-api"},"extension":{},"message":"[runtime-status] [14448] Functions runtime initialized. {\"cwd\":\"C:\\\\Users\\\\isuru\\\\WebstormProjects\\\\amazon_clone\\\\functions\",\"node_version\":\"18.16.0\"}"}}
[debug] [2023-05-30T13:14:03.547Z] [runtime-status] [14448] Listening to port: \\?\pipe\fire_emu_55b08eb39aee49f4 {"metadata":{"emulator":{"name":"functions"},"function":{"name":"us-central1-api"},"extension":{},"message":"[runtime-status] [14448] Listening to port: \\\\?\\pipe\\fire_emu_55b08eb39aee49f4"}}
[debug] [2023-05-30T13:14:03.644Z] [worker-us-central1-api-df1e59ec-d9fb-4962-a921-7f907785dce6]: IDLE {"metadata":{"emulator":{"name":"functions"},"function":{"name":"us-central1-api"},"extension":{},"message":"[worker-us-central1-api-df1e59ec-d9fb-4962-a921-7f907785dce6]: IDLE"}}
[debug] [2023-05-30T13:14:03.645Z] [worker-pool] submitRequest(triggerId=us-central1-api) {"metadata":{"emulator":{"name":"functions"},"message":"[worker-pool] submitRequest(triggerId=us-central1-api)"}}
[info] i  functions: Beginning execution of "us-central1-api" {"metadata":{"emulator":{"name":"functions"},"function":{"name":"us-central1-api"},"extension":{},"message":"Beginning execution of \"us-central1-api\""}}
[debug] [2023-05-30T13:14:03.646Z] [worker-us-central1-api-df1e59ec-d9fb-4962-a921-7f907785dce6]: BUSY {"metadata":{"emulator":{"name":"functions"},"function":{"name":"us-central1-api"},"extension":{},"message":"[worker-us-central1-api-df1e59ec-d9fb-4962-a921-7f907785dce6]: BUSY"}}
[info] >  payments request received  250000 {"user":"payments request received  250000","metadata":{"emulator":{"name":"functions"},"function":{"name":"us-central1-api"},"extension":{},"message":"\u001b[90m> \u001b[39m payments request received  250000"}}
[debug] [2023-05-30T13:14:04.361Z] Finishing up request with event=pause {"metadata":{"emulator":{"name":"functions"},"function":{"name":"us-central1-api"},"extension":{},"message":"Finishing up request with event=pause"}}
[info] i  functions: Finished "us-central1-api" in 715.3367ms {"metadata":{"emulator":{"name":"functions"},"function":{"name":"us-central1-api"},"extension":{},"message":"Finished \"us-central1-api\" in 715.3367ms"}}
[debug] [2023-05-30T13:14:04.362Z] [worker-us-central1-api-df1e59ec-d9fb-4962-a921-7f907785dce6]: IDLE {"metadata":{"emulator":{"name":"functions"},"function":{"name":"us-central1-api"},"extension":{},"message":"[worker-us-central1-api-df1e59ec-d9fb-4962-a921-7f907785dce6]: IDLE"}}
[debug] [2023-05-30T13:14:04.362Z] Finishing up request with event=finish {"metadata":{"emulator":{"name":"functions"},"function":{"name":"us-central1-api"},"extension":{},"message":"Finishing up request with event=finish"}}
[debug] [2023-05-30T13:14:04.362Z] Finishing up request with event=close {"metadata":{"emulator":{"name":"functions"},"function":{"name":"us-central1-api"},"extension":{},"message":"Finishing up request with event=close"}}
[debug] [2023-05-30T13:14:04.362Z] [work-queue] {"queuedWork":[],"queueLength":0,"runningWork":[],"workRunningCount":0}
[debug] [2023-05-30T13:18:25.285Z] [work-queue] {"queuedWork":["/clone-202305/us-central1/api/payments/create-2023-05-30T13:18:25.285Z"],"queueLength":1,"runningWork":[],"workRunningCount":0}
[debug] [2023-05-30T13:18:25.286Z] [work-queue] {"queuedWork":[],"queueLength":0,"runningWork":["/clone-202305/us-central1/api/payments/create-2023-05-30T13:18:25.285Z"],"workRunningCount":1}
[debug] [2023-05-30T13:18:25.286Z] Accepted request POST /clone-202305/us-central1/api/payments/create?total=250000 --> us-central1-api
[debug] [2023-05-30T13:18:25.293Z] [functions] Runtime ready! Sending request! {"metadata":{"emulator":{"name":"functions"},"message":"[functions] Runtime ready! Sending request!"}}
[debug] [2023-05-30T13:18:25.293Z] [functions] Got req.url=/clone-202305/us-central1/api/payments/create?total=250000, mapping to path=/payments/create?total=250000 {"metadata":{"emulator":{"name":"functions"},"message":"[functions] Got req.url=/clone-202305/us-central1/api/payments/create?total=250000, mapping to path=/payments/create?total=250000"}}
[debug] [2023-05-30T13:18:25.293Z] [worker-pool] submitRequest(triggerId=us-central1-api) {"metadata":{"emulator":{"name":"functions"},"message":"[worker-pool] submitRequest(triggerId=us-central1-api)"}}
[info] i  functions: Beginning execution of "us-central1-api" {"metadata":{"emulator":{"name":"functions"},"function":{"name":"us-central1-api"},"extension":{},"message":"Beginning execution of \"us-central1-api\""}}
[debug] [2023-05-30T13:18:25.295Z] [worker-us-central1-api-df1e59ec-d9fb-4962-a921-7f907785dce6]: BUSY {"metadata":{"emulator":{"name":"functions"},"function":{"name":"us-central1-api"},"extension":{},"message":"[worker-us-central1-api-df1e59ec-d9fb-4962-a921-7f907785dce6]: BUSY"}}
[info] >  payments request received  250000 {"user":"payments request received  250000","metadata":{"emulator":{"name":"functions"},"function":{"name":"us-central1-api"},"extension":{},"message":"\u001b[90m> \u001b[39m payments request received  250000"}}
[debug] [2023-05-30T13:18:25.373Z] [work-queue] {"queuedWork":["/clone-202305/us-central1/api/payments/create-2023-05-30T13:18:25.373Z"],"queueLength":1,"runningWork":["/clone-202305/us-central1/api/payments/create-2023-05-30T13:18:25.285Z"],"workRunningCount":1}
[debug] [2023-05-30T13:18:25.374Z] [work-queue] {"queuedWork":[],"queueLength":0,"runningWork":["/clone-202305/us-central1/api/payments/create-2023-05-30T13:18:25.285Z","/clone-202305/us-central1/api/payments/create-2023-05-30T13:18:25.373Z"],"workRunningCount":2}
[debug] [2023-05-30T13:18:25.374Z] Accepted request POST /clone-202305/us-central1/api/payments/create?total=250000 --> us-central1-api
[debug] [2023-05-30T13:18:25.380Z] [functions] Runtime ready! Sending request! {"metadata":{"emulator":{"name":"functions"},"message":"[functions] Runtime ready! Sending request!"}}
[debug] [2023-05-30T13:18:25.381Z] [functions] Got req.url=/clone-202305/us-central1/api/payments/create?total=250000, mapping to path=/payments/create?total=250000 {"metadata":{"emulator":{"name":"functions"},"message":"[functions] Got req.url=/clone-202305/us-central1/api/payments/create?total=250000, mapping to path=/payments/create?total=250000"}}
[debug] [2023-05-30T13:18:25.395Z] [worker-pool] addWorker(us-central1-api) {"metadata":{"emulator":{"name":"functions"},"message":"[worker-pool] addWorker(us-central1-api)"}}
[debug] [2023-05-30T13:18:25.395Z] [worker-pool] Adding worker with key us-central1-api, total=2 {"metadata":{"emulator":{"name":"functions"},"message":"[worker-pool] Adding worker with key us-central1-api, total=2"}}
[debug] [2023-05-30T13:18:26.010Z] Finishing up request with event=pause {"metadata":{"emulator":{"name":"functions"},"function":{"name":"us-central1-api"},"extension":{},"message":"Finishing up request with event=pause"}}
[info] i  functions: Finished "us-central1-api" in 715.3904ms {"metadata":{"emulator":{"name":"functions"},"function":{"name":"us-central1-api"},"extension":{},"message":"Finished \"us-central1-api\" in 715.3904ms"}}
[debug] [2023-05-30T13:18:26.012Z] [worker-us-central1-api-df1e59ec-d9fb-4962-a921-7f907785dce6]: IDLE {"metadata":{"emulator":{"name":"functions"},"function":{"name":"us-central1-api"},"extension":{},"message":"[worker-us-central1-api-df1e59ec-d9fb-4962-a921-7f907785dce6]: IDLE"}}
[debug] [2023-05-30T13:18:26.012Z] Finishing up request with event=finish {"metadata":{"emulator":{"name":"functions"},"function":{"name":"us-central1-api"},"extension":{},"message":"Finishing up request with event=finish"}}
[debug] [2023-05-30T13:18:26.013Z] Finishing up request with event=close {"metadata":{"emulator":{"name":"functions"},"function":{"name":"us-central1-api"},"extension":{},"message":"Finishing up request with event=close"}}
[debug] [2023-05-30T13:18:26.013Z] [work-queue] {"queuedWork":[],"queueLength":0,"runningWork":["/clone-202305/us-central1/api/payments/create-2023-05-30T13:18:25.373Z"],"workRunningCount":1}
[debug] [2023-05-30T13:18:27.661Z] [runtime-status] [11808] Resolved module firebase-admin {"declared":true,"installed":true,"version":"11.8.0","resolution":"C:\\Users\\isuru\\WebstormProjects\\amazon_clone\\functions\\node_modules\\firebase-admin\\lib\\index.js"} {"metadata":{"emulator":{"name":"functions"},"function":{"name":"us-central1-api"},"extension":{},"message":"[runtime-status] [11808] Resolved module firebase-admin {\"declared\":true,\"installed\":true,\"version\":\"11.8.0\",\"resolution\":\"C:\\\\Users\\\\isuru\\\\WebstormProjects\\\\amazon_clone\\\\functions\\\\node_modules\\\\firebase-admin\\\\lib\\\\index.js\"}"}}
[debug] [2023-05-30T13:18:27.663Z] [runtime-status] [11808] Resolved module firebase-functions {"declared":true,"installed":true,"version":"4.4.0","resolution":"C:\\Users\\isuru\\WebstormProjects\\amazon_clone\\functions\\node_modules\\firebase-functions\\lib\\v1\\index.js"} {"metadata":{"emulator":{"name":"functions"},"function":{"name":"us-central1-api"},"extension":{},"message":"[runtime-status] [11808] Resolved module firebase-functions {\"declared\":true,\"installed\":true,\"version\":\"4.4.0\",\"resolution\":\"C:\\\\Users\\\\isuru\\\\WebstormProjects\\\\amazon_clone\\\\functions\\\\node_modules\\\\firebase-functions\\\\lib\\\\v1\\\\index.js\"}"}}
[debug] [2023-05-30T13:18:27.664Z] [runtime-status] [11808] Outgoing network have been stubbed. [{"name":"http","status":"mocked"},{"name":"http","status":"mocked"},{"name":"https","status":"mocked"},{"name":"https","status":"mocked"},{"name":"net","status":"mocked"}] {"metadata":{"emulator":{"name":"functions"},"function":{"name":"us-central1-api"},"extension":{},"message":"[runtime-status] [11808] Outgoing network have been stubbed. [{\"name\":\"http\",\"status\":\"mocked\"},{\"name\":\"http\",\"status\":\"mocked\"},{\"name\":\"https\",\"status\":\"mocked\"},{\"name\":\"https\",\"status\":\"mocked\"},{\"name\":\"net\",\"status\":\"mocked\"}]"}}
[debug] [2023-05-30T13:18:27.665Z] [runtime-status] [11808] Resolved module firebase-functions {"declared":true,"installed":true,"version":"4.4.0","resolution":"C:\\Users\\isuru\\WebstormProjects\\amazon_clone\\functions\\node_modules\\firebase-functions\\lib\\v1\\index.js"} {"metadata":{"emulator":{"name":"functions"},"function":{"name":"us-central1-api"},"extension":{},"message":"[runtime-status] [11808] Resolved module firebase-functions {\"declared\":true,\"installed\":true,\"version\":\"4.4.0\",\"resolution\":\"C:\\\\Users\\\\isuru\\\\WebstormProjects\\\\amazon_clone\\\\functions\\\\node_modules\\\\firebase-functions\\\\lib\\\\v1\\\\index.js\"}"}}
[debug] [2023-05-30T13:18:28.011Z] [runtime-status] [11808] Checked functions.config() {"config":{}} {"metadata":{"emulator":{"name":"functions"},"function":{"name":"us-central1-api"},"extension":{},"message":"[runtime-status] [11808] Checked functions.config() {\"config\":{}}"}}
[debug] [2023-05-30T13:18:28.011Z] [runtime-status] [11808] firebase-functions has been stubbed. {"functionsResolution":{"declared":true,"installed":true,"version":"4.4.0","resolution":"C:\\Users\\isuru\\WebstormProjects\\amazon_clone\\functions\\node_modules\\firebase-functions\\lib\\v1\\index.js"}} {"metadata":{"emulator":{"name":"functions"},"function":{"name":"us-central1-api"},"extension":{},"message":"[runtime-status] [11808] firebase-functions has been stubbed. {\"functionsResolution\":{\"declared\":true,\"installed\":true,\"version\":\"4.4.0\",\"resolution\":\"C:\\\\Users\\\\isuru\\\\WebstormProjects\\\\amazon_clone\\\\functions\\\\node_modules\\\\firebase-functions\\\\lib\\\\v1\\\\index.js\"}}"}}
[debug] [2023-05-30T13:18:28.012Z] [runtime-status] [11808] Resolved module firebase-functions {"declared":true,"installed":true,"version":"4.4.0","resolution":"C:\\Users\\isuru\\WebstormProjects\\amazon_clone\\functions\\node_modules\\firebase-functions\\lib\\v1\\index.js"} {"metadata":{"emulator":{"name":"functions"},"function":{"name":"us-central1-api"},"extension":{},"message":"[runtime-status] [11808] Resolved module firebase-functions {\"declared\":true,\"installed\":true,\"version\":\"4.4.0\",\"resolution\":\"C:\\\\Users\\\\isuru\\\\WebstormProjects\\\\amazon_clone\\\\functions\\\\node_modules\\\\firebase-functions\\\\lib\\\\v1\\\\index.js\"}"}}
[debug] [2023-05-30T13:18:28.014Z] [runtime-status] [11808] Resolved module firebase-admin {"declared":true,"installed":true,"version":"11.8.0","resolution":"C:\\Users\\isuru\\WebstormProjects\\amazon_clone\\functions\\node_modules\\firebase-admin\\lib\\index.js"} {"metadata":{"emulator":{"name":"functions"},"function":{"name":"us-central1-api"},"extension":{},"message":"[runtime-status] [11808] Resolved module firebase-admin {\"declared\":true,\"installed\":true,\"version\":\"11.8.0\",\"resolution\":\"C:\\\\Users\\\\isuru\\\\WebstormProjects\\\\amazon_clone\\\\functions\\\\node_modules\\\\firebase-admin\\\\lib\\\\index.js\"}"}}
[debug] [2023-05-30T13:18:28.047Z] [runtime-status] [11808] Resolved module firebase-functions {"declared":true,"installed":true,"version":"4.4.0","resolution":"C:\\Users\\isuru\\WebstormProjects\\amazon_clone\\functions\\node_modules\\firebase-functions\\lib\\v1\\index.js"} {"metadata":{"emulator":{"name":"functions"},"function":{"name":"us-central1-api"},"extension":{},"message":"[runtime-status] [11808] Resolved module firebase-functions {\"declared\":true,\"installed\":true,\"version\":\"4.4.0\",\"resolution\":\"C:\\\\Users\\\\isuru\\\\WebstormProjects\\\\amazon_clone\\\\functions\\\\node_modules\\\\firebase-functions\\\\lib\\\\v1\\\\index.js\"}"}}
[debug] [2023-05-30T13:18:28.049Z] [runtime-status] [11808] firebase-admin has been stubbed. {"adminResolution":{"declared":true,"installed":true,"version":"11.8.0","resolution":"C:\\Users\\isuru\\WebstormProjects\\amazon_clone\\functions\\node_modules\\firebase-admin\\lib\\index.js"}} {"metadata":{"emulator":{"name":"functions"},"function":{"name":"us-central1-api"},"extension":{},"message":"[runtime-status] [11808] firebase-admin has been stubbed. {\"adminResolution\":{\"declared\":true,\"installed\":true,\"version\":\"11.8.0\",\"resolution\":\"C:\\\\Users\\\\isuru\\\\WebstormProjects\\\\amazon_clone\\\\functions\\\\node_modules\\\\firebase-admin\\\\lib\\\\index.js\"}}"}}
[debug] [2023-05-30T13:18:28.285Z] [runtime-status] [11808] Functions runtime initialized. {"cwd":"C:\\Users\\isuru\\WebstormProjects\\amazon_clone\\functions","node_version":"18.16.0"} {"metadata":{"emulator":{"name":"functions"},"function":{"name":"us-central1-api"},"extension":{},"message":"[runtime-status] [11808] Functions runtime initialized. {\"cwd\":\"C:\\\\Users\\\\isuru\\\\WebstormProjects\\\\amazon_clone\\\\functions\",\"node_version\":\"18.16.0\"}"}}
[debug] [2023-05-30T13:18:28.286Z] [runtime-status] [11808] Listening to port: \\?\pipe\fire_emu_a61d471973b8ae09 {"metadata":{"emulator":{"name":"functions"},"function":{"name":"us-central1-api"},"extension":{},"message":"[runtime-status] [11808] Listening to port: \\\\?\\pipe\\fire_emu_a61d471973b8ae09"}}
[debug] [2023-05-30T13:18:28.321Z] [worker-us-central1-api-99abb62a-727e-4072-9f41-21c78eb4c915]: IDLE {"metadata":{"emulator":{"name":"functions"},"function":{"name":"us-central1-api"},"extension":{},"message":"[worker-us-central1-api-99abb62a-727e-4072-9f41-21c78eb4c915]: IDLE"}}
[debug] [2023-05-30T13:18:28.321Z] [worker-pool] submitRequest(triggerId=us-central1-api) {"metadata":{"emulator":{"name":"functions"},"message":"[worker-pool] submitRequest(triggerId=us-central1-api)"}}
[info] i  functions: Beginning execution of "us-central1-api" {"metadata":{"emulator":{"name":"functions"},"function":{"name":"us-central1-api"},"extension":{},"message":"Beginning execution of \"us-central1-api\""}}
[debug] [2023-05-30T13:18:28.322Z] [worker-us-central1-api-df1e59ec-d9fb-4962-a921-7f907785dce6]: BUSY {"metadata":{"emulator":{"name":"functions"},"function":{"name":"us-central1-api"},"extension":{},"message":"[worker-us-central1-api-df1e59ec-d9fb-4962-a921-7f907785dce6]: BUSY"}}
[info] >  payments request received  250000 {"user":"payments request received  250000","metadata":{"emulator":{"name":"functions"},"function":{"name":"us-central1-api"},"extension":{},"message":"\u001b[90m> \u001b[39m payments request received  250000"}}
[debug] [2023-05-30T13:18:28.785Z] Finishing up request with event=pause {"metadata":{"emulator":{"name":"functions"},"function":{"name":"us-central1-api"},"extension":{},"message":"Finishing up request with event=pause"}}
[info] i  functions: Finished "us-central1-api" in 463.477ms {"metadata":{"emulator":{"name":"functions"},"function":{"name":"us-central1-api"},"extension":{},"message":"Finished \"us-central1-api\" in 463.477ms"}}
[debug] [2023-05-30T13:18:28.786Z] [worker-us-central1-api-df1e59ec-d9fb-4962-a921-7f907785dce6]: IDLE {"metadata":{"emulator":{"name":"functions"},"function":{"name":"us-central1-api"},"extension":{},"message":"[worker-us-central1-api-df1e59ec-d9fb-4962-a921-7f907785dce6]: IDLE"}}
[debug] [2023-05-30T13:18:28.786Z] Finishing up request with event=finish {"metadata":{"emulator":{"name":"functions"},"function":{"name":"us-central1-api"},"extension":{},"message":"Finishing up request with event=finish"}}
[debug] [2023-05-30T13:18:28.787Z] Finishing up request with event=close {"metadata":{"emulator":{"name":"functions"},"function":{"name":"us-central1-api"},"extension":{},"message":"Finishing up request with event=close"}}
[debug] [2023-05-30T13:18:28.787Z] [work-queue] {"queuedWork":[],"queueLength":0,"runningWork":[],"workRunningCount":0}
[debug] [2023-05-30T13:18:51.201Z] [work-queue] {"queuedWork":["/clone-202305/us-central1/api/payments/create-2023-05-30T13:18:51.201Z"],"queueLength":1,"runningWork":[],"workRunningCount":0}
[debug] [2023-05-30T13:18:51.201Z] [work-queue] {"queuedWork":[],"queueLength":0,"runningWork":["/clone-202305/us-central1/api/payments/create-2023-05-30T13:18:51.201Z"],"workRunningCount":1}
[debug] [2023-05-30T13:18:51.202Z] Accepted request POST /clone-202305/us-central1/api/payments/create?total=250000 --> us-central1-api
[debug] [2023-05-30T13:18:51.205Z] [functions] Runtime ready! Sending request! {"metadata":{"emulator":{"name":"functions"},"message":"[functions] Runtime ready! Sending request!"}}
[debug] [2023-05-30T13:18:51.206Z] [functions] Got req.url=/clone-202305/us-central1/api/payments/create?total=250000, mapping to path=/payments/create?total=250000 {"metadata":{"emulator":{"name":"functions"},"message":"[functions] Got req.url=/clone-202305/us-central1/api/payments/create?total=250000, mapping to path=/payments/create?total=250000"}}
[debug] [2023-05-30T13:18:51.206Z] [worker-pool] submitRequest(triggerId=us-central1-api) {"metadata":{"emulator":{"name":"functions"},"message":"[worker-pool] submitRequest(triggerId=us-central1-api)"}}
[info] i  functions: Beginning execution of "us-central1-api" {"metadata":{"emulator":{"name":"functions"},"function":{"name":"us-central1-api"},"extension":{},"message":"Beginning execution of \"us-central1-api\""}}
[debug] [2023-05-30T13:18:51.206Z] [worker-us-central1-api-df1e59ec-d9fb-4962-a921-7f907785dce6]: BUSY {"metadata":{"emulator":{"name":"functions"},"function":{"name":"us-central1-api"},"extension":{},"message":"[worker-us-central1-api-df1e59ec-d9fb-4962-a921-7f907785dce6]: BUSY"}}
[info] >  payments request received  250000 {"user":"payments request received  250000","metadata":{"emulator":{"name":"functions"},"function":{"name":"us-central1-api"},"extension":{},"message":"\u001b[90m> \u001b[39m payments request received  250000"}}
[debug] [2023-05-30T13:18:51.676Z] Finishing up request with event=pause {"metadata":{"emulator":{"name":"functions"},"function":{"name":"us-central1-api"},"extension":{},"message":"Finishing up request with event=pause"}}
[info] i  functions: Finished "us-central1-api" in 469.7713ms {"metadata":{"emulator":{"name":"functions"},"function":{"name":"us-central1-api"},"extension":{},"message":"Finished \"us-central1-api\" in 469.7713ms"}}
[debug] [2023-05-30T13:18:51.677Z] [worker-us-central1-api-df1e59ec-d9fb-4962-a921-7f907785dce6]: IDLE {"metadata":{"emulator":{"name":"functions"},"function":{"name":"us-central1-api"},"extension":{},"message":"[worker-us-central1-api-df1e59ec-d9fb-4962-a921-7f907785dce6]: IDLE"}}
[debug] [2023-05-30T13:18:51.677Z] Finishing up request with event=finish {"metadata":{"emulator":{"name":"functions"},"function":{"name":"us-central1-api"},"extension":{},"message":"Finishing up request with event=finish"}}
[debug] [2023-05-30T13:18:51.678Z] Finishing up request with event=close {"metadata":{"emulator":{"name":"functions"},"function":{"name":"us-central1-api"},"extension":{},"message":"Finishing up request with event=close"}}
[debug] [2023-05-30T13:18:51.678Z] [work-queue] {"queuedWork":[],"queueLength":0,"runningWork":[],"workRunningCount":0}
[debug] [2023-05-30T13:19:03.333Z] [work-queue] {"queuedWork":["/clone-202305/us-central1/api/payments/create-2023-05-30T13:19:03.333Z"],"queueLength":1,"runningWork":[],"workRunningCount":0}
[debug] [2023-05-30T13:19:03.334Z] [work-queue] {"queuedWork":[],"queueLength":0,"runningWork":["/clone-202305/us-central1/api/payments/create-2023-05-30T13:19:03.333Z"],"workRunningCount":1}
[debug] [2023-05-30T13:19:03.334Z] Accepted request POST /clone-202305/us-central1/api/payments/create?total=200000 --> us-central1-api
[debug] [2023-05-30T13:19:03.345Z] [functions] Runtime ready! Sending request! {"metadata":{"emulator":{"name":"functions"},"message":"[functions] Runtime ready! Sending request!"}}
[debug] [2023-05-30T13:19:03.346Z] [functions] Got req.url=/clone-202305/us-central1/api/payments/create?total=200000, mapping to path=/payments/create?total=200000 {"metadata":{"emulator":{"name":"functions"},"message":"[functions] Got req.url=/clone-202305/us-central1/api/payments/create?total=200000, mapping to path=/payments/create?total=200000"}}
[debug] [2023-05-30T13:19:03.346Z] [worker-pool] submitRequest(triggerId=us-central1-api) {"metadata":{"emulator":{"name":"functions"},"message":"[worker-pool] submitRequest(triggerId=us-central1-api)"}}
[info] i  functions: Beginning execution of "us-central1-api" {"metadata":{"emulator":{"name":"functions"},"function":{"name":"us-central1-api"},"extension":{},"message":"Beginning execution of \"us-central1-api\""}}
[debug] [2023-05-30T13:19:03.348Z] [worker-us-central1-api-df1e59ec-d9fb-4962-a921-7f907785dce6]: BUSY {"metadata":{"emulator":{"name":"functions"},"function":{"name":"us-central1-api"},"extension":{},"message":"[worker-us-central1-api-df1e59ec-d9fb-4962-a921-7f907785dce6]: BUSY"}}
[info] >  payments request received  200000 {"user":"payments request received  200000","metadata":{"emulator":{"name":"functions"},"function":{"name":"us-central1-api"},"extension":{},"message":"\u001b[90m> \u001b[39m payments request received  200000"}}
[debug] [2023-05-30T13:19:03.790Z] Finishing up request with event=pause {"metadata":{"emulator":{"name":"functions"},"function":{"name":"us-central1-api"},"extension":{},"message":"Finishing up request with event=pause"}}
[info] i  functions: Finished "us-central1-api" in 442.3964ms {"metadata":{"emulator":{"name":"functions"},"function":{"name":"us-central1-api"},"extension":{},"message":"Finished \"us-central1-api\" in 442.3964ms"}}
[debug] [2023-05-30T13:19:03.791Z] [worker-us-central1-api-df1e59ec-d9fb-4962-a921-7f907785dce6]: IDLE {"metadata":{"emulator":{"name":"functions"},"function":{"name":"us-central1-api"},"extension":{},"message":"[worker-us-central1-api-df1e59ec-d9fb-4962-a921-7f907785dce6]: IDLE"}}
[debug] [2023-05-30T13:19:03.791Z] Finishing up request with event=finish {"metadata":{"emulator":{"name":"functions"},"function":{"name":"us-central1-api"},"extension":{},"message":"Finishing up request with event=finish"}}
[debug] [2023-05-30T13:19:03.791Z] Finishing up request with event=close {"metadata":{"emulator":{"name":"functions"},"function":{"name":"us-central1-api"},"extension":{},"message":"Finishing up request with event=close"}}
[debug] [2023-05-30T13:19:03.791Z] [work-queue] {"queuedWork":[],"queueLength":0,"runningWork":[],"workRunningCount":0}
[debug] [2023-05-30T13:21:04.734Z] File C:\Users\isuru\WebstormProjects\amazon_clone\functions\index.js changed, reloading triggers {"metadata":{"emulator":{"name":"functions"},"message":"File C:\\Users\\isuru\\WebstormProjects\\amazon_clone\\functions\\index.js changed, reloading triggers"}}
[debug] [2023-05-30T13:21:05.749Z] Validating nodejs source
[debug] [2023-05-30T13:21:12.521Z] > [functions] package.json contents: {
  "name": "functions",
  "description": "Cloud Functions for Firebase",
  "scripts": {
    "lint": "eslint .",
    "serve": "firebase emulators:start --only functions",
    "shell": "firebase functions:shell",
    "start": "npm run shell",
    "deploy": "firebase deploy --only functions",
    "logs": "firebase functions:log"
  },
  "engines": {
    "node": "18"
  },
  "main": "index.js",
  "dependencies": {
    "cors": "^2.8.5",
    "express": "^4.18.2",
    "firebase-admin": "^11.8.0",
    "firebase-functions": "^4.3.1",
    "stripe": "^12.7.0"
  },
  "devDependencies": {
    "eslint-config-google": "^0.14.0",
    "firebase-functions-test": "^3.1.0"
  },
  "private": true
}
[debug] [2023-05-30T13:21:12.522Z] Building nodejs source
[debug] [2023-05-30T13:21:12.523Z] Failed to find version of module node: reached end of search path C:\Users\isuru\WebstormProjects\amazon_clone\functions\node_modules
[info] +  functions: Using node@18 from host. 
[debug] [2023-05-30T13:21:12.552Z] Could not find functions.yaml. Must use http discovery
[debug] [2023-05-30T13:21:12.580Z] Found firebase-functions binary at 'C:\Users\isuru\WebstormProjects\amazon_clone\functions\node_modules\.bin\firebase-functions'
[debug] [2023-05-30T13:21:13.853Z] Serving at port 8936

[debug] [2023-05-30T13:21:15.784Z] Got response from /__/functions.yaml {"endpoints":{"api":{"platform":"gcfv1","availableMemoryMb":null,"timeoutSeconds":null,"minInstances":null,"maxInstances":null,"ingressSettings":null,"serviceAccountEmail":null,"vpc":null,"httpsTrigger":{},"entryPoint":"api"}},"specVersion":"v1alpha1","requiredAPIs":[]}
[debug] [2023-05-30T13:21:15.791Z] shutdown requested via /__/quitquitquit

[info] +  functions: Loaded functions definitions from source: api. {"metadata":{"emulator":{"name":"functions"},"message":"Loaded functions definitions from source: api."}}
[debug] [2023-05-30T13:21:15.814Z] [worker-pool] Shutting down IDLE worker (us-central1-api) {"metadata":{"emulator":{"name":"functions"},"message":"[worker-pool] Shutting down IDLE worker (us-central1-api)"}}
[debug] [2023-05-30T13:21:15.814Z] [worker-us-central1-api-df1e59ec-d9fb-4962-a921-7f907785dce6]: FINISHING {"metadata":{"emulator":{"name":"functions"},"function":{"name":"us-central1-api"},"extension":{},"message":"[worker-us-central1-api-df1e59ec-d9fb-4962-a921-7f907785dce6]: FINISHING"}}
[debug] [2023-05-30T13:21:15.814Z] [worker-pool] Shutting down IDLE worker (us-central1-api) {"metadata":{"emulator":{"name":"functions"},"message":"[worker-pool] Shutting down IDLE worker (us-central1-api)"}}
[debug] [2023-05-30T13:21:15.814Z] [worker-us-central1-api-99abb62a-727e-4072-9f41-21c78eb4c915]: FINISHING {"metadata":{"emulator":{"name":"functions"},"function":{"name":"us-central1-api"},"extension":{},"message":"[worker-us-central1-api-99abb62a-727e-4072-9f41-21c78eb4c915]: FINISHING"}}
[debug] [2023-05-30T13:21:15.825Z] [worker-us-central1-api-99abb62a-727e-4072-9f41-21c78eb4c915]: exited {"metadata":{"emulator":{"name":"functions"},"function":{"name":"us-central1-api"},"extension":{},"message":"[worker-us-central1-api-99abb62a-727e-4072-9f41-21c78eb4c915]: exited"}}
[debug] [2023-05-30T13:21:15.825Z] [worker-us-central1-api-99abb62a-727e-4072-9f41-21c78eb4c915]: FINISHED {"metadata":{"emulator":{"name":"functions"},"function":{"name":"us-central1-api"},"extension":{},"message":"[worker-us-central1-api-99abb62a-727e-4072-9f41-21c78eb4c915]: FINISHED"}}
[debug] [2023-05-30T13:21:15.827Z] [worker-us-central1-api-df1e59ec-d9fb-4962-a921-7f907785dce6]: exited {"metadata":{"emulator":{"name":"functions"},"function":{"name":"us-central1-api"},"extension":{},"message":"[worker-us-central1-api-df1e59ec-d9fb-4962-a921-7f907785dce6]: exited"}}
[debug] [2023-05-30T13:21:15.827Z] [worker-us-central1-api-df1e59ec-d9fb-4962-a921-7f907785dce6]: FINISHED {"metadata":{"emulator":{"name":"functions"},"function":{"name":"us-central1-api"},"extension":{},"message":"[worker-us-central1-api-df1e59ec-d9fb-4962-a921-7f907785dce6]: FINISHED"}}
[debug] [2023-05-30T13:22:05.196Z] [work-queue] {"queuedWork":["/clone-202305/us-central1/api/payments/create-2023-05-30T13:22:05.196Z"],"queueLength":1,"runningWork":[],"workRunningCount":0}
[debug] [2023-05-30T13:22:05.196Z] [work-queue] {"queuedWork":[],"queueLength":0,"runningWork":["/clone-202305/us-central1/api/payments/create-2023-05-30T13:22:05.196Z"],"workRunningCount":1}
[debug] [2023-05-30T13:22:05.196Z] Accepted request POST /clone-202305/us-central1/api/payments/create?total=200000 --> us-central1-api
[debug] [2023-05-30T13:22:05.213Z] [functions] Runtime ready! Sending request! {"metadata":{"emulator":{"name":"functions"},"message":"[functions] Runtime ready! Sending request!"}}
[debug] [2023-05-30T13:22:05.214Z] [functions] Got req.url=/clone-202305/us-central1/api/payments/create?total=200000, mapping to path=/payments/create?total=200000 {"metadata":{"emulator":{"name":"functions"},"message":"[functions] Got req.url=/clone-202305/us-central1/api/payments/create?total=200000, mapping to path=/payments/create?total=200000"}}
[debug] [2023-05-30T13:22:05.214Z] [worker-pool] Cleaned up workers for us-central1-api: 2 --> 0 {"metadata":{"emulator":{"name":"functions"},"message":"[worker-pool] Cleaned up workers for us-central1-api: 2 --> 0"}}
[debug] [2023-05-30T13:22:05.266Z] [worker-pool] addWorker(us-central1-api) {"metadata":{"emulator":{"name":"functions"},"message":"[worker-pool] addWorker(us-central1-api)"}}
[debug] [2023-05-30T13:22:05.267Z] [worker-pool] Adding worker with key us-central1-api, total=1 {"metadata":{"emulator":{"name":"functions"},"message":"[worker-pool] Adding worker with key us-central1-api, total=1"}}
[debug] [2023-05-30T13:22:05.287Z] [work-queue] {"queuedWork":["/clone-202305/us-central1/api/payments/create-2023-05-30T13:22:05.287Z"],"queueLength":1,"runningWork":["/clone-202305/us-central1/api/payments/create-2023-05-30T13:22:05.196Z"],"workRunningCount":1}
[debug] [2023-05-30T13:22:05.288Z] [work-queue] {"queuedWork":[],"queueLength":0,"runningWork":["/clone-202305/us-central1/api/payments/create-2023-05-30T13:22:05.196Z","/clone-202305/us-central1/api/payments/create-2023-05-30T13:22:05.287Z"],"workRunningCount":2}
[debug] [2023-05-30T13:22:05.288Z] Accepted request POST /clone-202305/us-central1/api/payments/create?total=200000 --> us-central1-api
[debug] [2023-05-30T13:22:05.298Z] [functions] Runtime ready! Sending request! {"metadata":{"emulator":{"name":"functions"},"message":"[functions] Runtime ready! Sending request!"}}
[debug] [2023-05-30T13:22:05.298Z] [functions] Got req.url=/clone-202305/us-central1/api/payments/create?total=200000, mapping to path=/payments/create?total=200000 {"metadata":{"emulator":{"name":"functions"},"message":"[functions] Got req.url=/clone-202305/us-central1/api/payments/create?total=200000, mapping to path=/payments/create?total=200000"}}
[debug] [2023-05-30T13:22:05.400Z] [worker-pool] addWorker(us-central1-api) {"metadata":{"emulator":{"name":"functions"},"message":"[worker-pool] addWorker(us-central1-api)"}}
[debug] [2023-05-30T13:22:05.401Z] [worker-pool] Adding worker with key us-central1-api, total=2 {"metadata":{"emulator":{"name":"functions"},"message":"[worker-pool] Adding worker with key us-central1-api, total=2"}}
[debug] [2023-05-30T13:22:11.586Z] [runtime-status] [1932] Resolved module firebase-admin {"declared":true,"installed":true,"version":"11.8.0","resolution":"C:\\Users\\isuru\\WebstormProjects\\amazon_clone\\functions\\node_modules\\firebase-admin\\lib\\index.js"} {"metadata":{"emulator":{"name":"functions"},"function":{"name":"us-central1-api"},"extension":{},"message":"[runtime-status] [1932] Resolved module firebase-admin {\"declared\":true,\"installed\":true,\"version\":\"11.8.0\",\"resolution\":\"C:\\\\Users\\\\isuru\\\\WebstormProjects\\\\amazon_clone\\\\functions\\\\node_modules\\\\firebase-admin\\\\lib\\\\index.js\"}"}}
[debug] [2023-05-30T13:22:11.589Z] [runtime-status] [1932] Resolved module firebase-functions {"declared":true,"installed":true,"version":"4.4.0","resolution":"C:\\Users\\isuru\\WebstormProjects\\amazon_clone\\functions\\node_modules\\firebase-functions\\lib\\v1\\index.js"} {"metadata":{"emulator":{"name":"functions"},"function":{"name":"us-central1-api"},"extension":{},"message":"[runtime-status] [1932] Resolved module firebase-functions {\"declared\":true,\"installed\":true,\"version\":\"4.4.0\",\"resolution\":\"C:\\\\Users\\\\isuru\\\\WebstormProjects\\\\amazon_clone\\\\functions\\\\node_modules\\\\firebase-functions\\\\lib\\\\v1\\\\index.js\"}"}}
[debug] [2023-05-30T13:22:11.590Z] [runtime-status] [1932] Outgoing network have been stubbed. [{"name":"http","status":"mocked"},{"name":"http","status":"mocked"},{"name":"https","status":"mocked"},{"name":"https","status":"mocked"},{"name":"net","status":"mocked"}] {"metadata":{"emulator":{"name":"functions"},"function":{"name":"us-central1-api"},"extension":{},"message":"[runtime-status] [1932] Outgoing network have been stubbed. [{\"name\":\"http\",\"status\":\"mocked\"},{\"name\":\"http\",\"status\":\"mocked\"},{\"name\":\"https\",\"status\":\"mocked\"},{\"name\":\"https\",\"status\":\"mocked\"},{\"name\":\"net\",\"status\":\"mocked\"}]"}}
[debug] [2023-05-30T13:22:11.592Z] [runtime-status] [1932] Resolved module firebase-functions {"declared":true,"installed":true,"version":"4.4.0","resolution":"C:\\Users\\isuru\\WebstormProjects\\amazon_clone\\functions\\node_modules\\firebase-functions\\lib\\v1\\index.js"} {"metadata":{"emulator":{"name":"functions"},"function":{"name":"us-central1-api"},"extension":{},"message":"[runtime-status] [1932] Resolved module firebase-functions {\"declared\":true,\"installed\":true,\"version\":\"4.4.0\",\"resolution\":\"C:\\\\Users\\\\isuru\\\\WebstormProjects\\\\amazon_clone\\\\functions\\\\node_modules\\\\firebase-functions\\\\lib\\\\v1\\\\index.js\"}"}}
[debug] [2023-05-30T13:22:11.622Z] [runtime-status] [7376] Resolved module firebase-admin {"declared":true,"installed":true,"version":"11.8.0","resolution":"C:\\Users\\isuru\\WebstormProjects\\amazon_clone\\functions\\node_modules\\firebase-admin\\lib\\index.js"} {"metadata":{"emulator":{"name":"functions"},"function":{"name":"us-central1-api"},"extension":{},"message":"[runtime-status] [7376] Resolved module firebase-admin {\"declared\":true,\"installed\":true,\"version\":\"11.8.0\",\"resolution\":\"C:\\\\Users\\\\isuru\\\\WebstormProjects\\\\amazon_clone\\\\functions\\\\node_modules\\\\firebase-admin\\\\lib\\\\index.js\"}"}}
[debug] [2023-05-30T13:22:11.625Z] [runtime-status] [7376] Resolved module firebase-functions {"declared":true,"installed":true,"version":"4.4.0","resolution":"C:\\Users\\isuru\\WebstormProjects\\amazon_clone\\functions\\node_modules\\firebase-functions\\lib\\v1\\index.js"} {"metadata":{"emulator":{"name":"functions"},"function":{"name":"us-central1-api"},"extension":{},"message":"[runtime-status] [7376] Resolved module firebase-functions {\"declared\":true,\"installed\":true,\"version\":\"4.4.0\",\"resolution\":\"C:\\\\Users\\\\isuru\\\\WebstormProjects\\\\amazon_clone\\\\functions\\\\node_modules\\\\firebase-functions\\\\lib\\\\v1\\\\index.js\"}"}}
[debug] [2023-05-30T13:22:11.626Z] [runtime-status] [7376] Outgoing network have been stubbed. [{"name":"http","status":"mocked"},{"name":"http","status":"mocked"},{"name":"https","status":"mocked"},{"name":"https","status":"mocked"},{"name":"net","status":"mocked"}] {"metadata":{"emulator":{"name":"functions"},"function":{"name":"us-central1-api"},"extension":{},"message":"[runtime-status] [7376] Outgoing network have been stubbed. [{\"name\":\"http\",\"status\":\"mocked\"},{\"name\":\"http\",\"status\":\"mocked\"},{\"name\":\"https\",\"status\":\"mocked\"},{\"name\":\"https\",\"status\":\"mocked\"},{\"name\":\"net\",\"status\":\"mocked\"}]"}}
[debug] [2023-05-30T13:22:11.628Z] [runtime-status] [7376] Resolved module firebase-functions {"declared":true,"installed":true,"version":"4.4.0","resolution":"C:\\Users\\isuru\\WebstormProjects\\amazon_clone\\functions\\node_modules\\firebase-functions\\lib\\v1\\index.js"} {"metadata":{"emulator":{"name":"functions"},"function":{"name":"us-central1-api"},"extension":{},"message":"[runtime-status] [7376] Resolved module firebase-functions {\"declared\":true,\"installed\":true,\"version\":\"4.4.0\",\"resolution\":\"C:\\\\Users\\\\isuru\\\\WebstormProjects\\\\amazon_clone\\\\functions\\\\node_modules\\\\firebase-functions\\\\lib\\\\v1\\\\index.js\"}"}}
[debug] [2023-05-30T13:22:11.917Z] [work-queue] {"queuedWork":["/clone-202305/us-central1/api/payments/create-2023-05-30T13:22:11.917Z"],"queueLength":1,"runningWork":["/clone-202305/us-central1/api/payments/create-2023-05-30T13:22:05.196Z","/clone-202305/us-central1/api/payments/create-2023-05-30T13:22:05.287Z"],"workRunningCount":2}
[debug] [2023-05-30T13:22:11.917Z] [work-queue] {"queuedWork":[],"queueLength":0,"runningWork":["/clone-202305/us-central1/api/payments/create-2023-05-30T13:22:05.196Z","/clone-202305/us-central1/api/payments/create-2023-05-30T13:22:05.287Z","/clone-202305/us-central1/api/payments/create-2023-05-30T13:22:11.917Z"],"workRunningCount":3}
[debug] [2023-05-30T13:22:11.918Z] Accepted request POST /clone-202305/us-central1/api/payments/create?total=150000 --> us-central1-api
[debug] [2023-05-30T13:22:11.924Z] [functions] Runtime ready! Sending request! {"metadata":{"emulator":{"name":"functions"},"message":"[functions] Runtime ready! Sending request!"}}
[debug] [2023-05-30T13:22:11.924Z] [functions] Got req.url=/clone-202305/us-central1/api/payments/create?total=150000, mapping to path=/payments/create?total=150000 {"metadata":{"emulator":{"name":"functions"},"message":"[functions] Got req.url=/clone-202305/us-central1/api/payments/create?total=150000, mapping to path=/payments/create?total=150000"}}
[debug] [2023-05-30T13:22:12.024Z] [worker-pool] addWorker(us-central1-api) {"metadata":{"emulator":{"name":"functions"},"message":"[worker-pool] addWorker(us-central1-api)"}}
[debug] [2023-05-30T13:22:12.025Z] [worker-pool] Adding worker with key us-central1-api, total=3 {"metadata":{"emulator":{"name":"functions"},"message":"[worker-pool] Adding worker with key us-central1-api, total=3"}}
[debug] [2023-05-30T13:22:12.416Z] [runtime-status] [1932] Checked functions.config() {"config":{}} {"metadata":{"emulator":{"name":"functions"},"function":{"name":"us-central1-api"},"extension":{},"message":"[runtime-status] [1932] Checked functions.config() {\"config\":{}}"}}
[debug] [2023-05-30T13:22:12.417Z] [runtime-status] [1932] firebase-functions has been stubbed. {"functionsResolution":{"declared":true,"installed":true,"version":"4.4.0","resolution":"C:\\Users\\isuru\\WebstormProjects\\amazon_clone\\functions\\node_modules\\firebase-functions\\lib\\v1\\index.js"}} {"metadata":{"emulator":{"name":"functions"},"function":{"name":"us-central1-api"},"extension":{},"message":"[runtime-status] [1932] firebase-functions has been stubbed. {\"functionsResolution\":{\"declared\":true,\"installed\":true,\"version\":\"4.4.0\",\"resolution\":\"C:\\\\Users\\\\isuru\\\\WebstormProjects\\\\amazon_clone\\\\functions\\\\node_modules\\\\firebase-functions\\\\lib\\\\v1\\\\index.js\"}}"}}
[debug] [2023-05-30T13:22:12.419Z] [runtime-status] [1932] Resolved module firebase-functions {"declared":true,"installed":true,"version":"4.4.0","resolution":"C:\\Users\\isuru\\WebstormProjects\\amazon_clone\\functions\\node_modules\\firebase-functions\\lib\\v1\\index.js"} {"metadata":{"emulator":{"name":"functions"},"function":{"name":"us-central1-api"},"extension":{},"message":"[runtime-status] [1932] Resolved module firebase-functions {\"declared\":true,\"installed\":true,\"version\":\"4.4.0\",\"resolution\":\"C:\\\\Users\\\\isuru\\\\WebstormProjects\\\\amazon_clone\\\\functions\\\\node_modules\\\\firebase-functions\\\\lib\\\\v1\\\\index.js\"}"}}
[debug] [2023-05-30T13:22:12.422Z] [runtime-status] [1932] Resolved module firebase-admin {"declared":true,"installed":true,"version":"11.8.0","resolution":"C:\\Users\\isuru\\WebstormProjects\\amazon_clone\\functions\\node_modules\\firebase-admin\\lib\\index.js"} {"metadata":{"emulator":{"name":"functions"},"function":{"name":"us-central1-api"},"extension":{},"message":"[runtime-status] [1932] Resolved module firebase-admin {\"declared\":true,\"installed\":true,\"version\":\"11.8.0\",\"resolution\":\"C:\\\\Users\\\\isuru\\\\WebstormProjects\\\\amazon_clone\\\\functions\\\\node_modules\\\\firebase-admin\\\\lib\\\\index.js\"}"}}
[debug] [2023-05-30T13:22:12.429Z] [runtime-status] [1932] Resolved module firebase-functions {"declared":true,"installed":true,"version":"4.4.0","resolution":"C:\\Users\\isuru\\WebstormProjects\\amazon_clone\\functions\\node_modules\\firebase-functions\\lib\\v1\\index.js"} {"metadata":{"emulator":{"name":"functions"},"function":{"name":"us-central1-api"},"extension":{},"message":"[runtime-status] [1932] Resolved module firebase-functions {\"declared\":true,\"installed\":true,\"version\":\"4.4.0\",\"resolution\":\"C:\\\\Users\\\\isuru\\\\WebstormProjects\\\\amazon_clone\\\\functions\\\\node_modules\\\\firebase-functions\\\\lib\\\\v1\\\\index.js\"}"}}
[debug] [2023-05-30T13:22:12.430Z] [runtime-status] [1932] firebase-admin has been stubbed. {"adminResolution":{"declared":true,"installed":true,"version":"11.8.0","resolution":"C:\\Users\\isuru\\WebstormProjects\\amazon_clone\\functions\\node_modules\\firebase-admin\\lib\\index.js"}} {"metadata":{"emulator":{"name":"functions"},"function":{"name":"us-central1-api"},"extension":{},"message":"[runtime-status] [1932] firebase-admin has been stubbed. {\"adminResolution\":{\"declared\":true,\"installed\":true,\"version\":\"11.8.0\",\"resolution\":\"C:\\\\Users\\\\isuru\\\\WebstormProjects\\\\amazon_clone\\\\functions\\\\node_modules\\\\firebase-admin\\\\lib\\\\index.js\"}}"}}
[debug] [2023-05-30T13:22:12.521Z] [runtime-status] [7376] Checked functions.config() {"config":{}} {"metadata":{"emulator":{"name":"functions"},"function":{"name":"us-central1-api"},"extension":{},"message":"[runtime-status] [7376] Checked functions.config() {\"config\":{}}"}}
[debug] [2023-05-30T13:22:12.521Z] [runtime-status] [7376] firebase-functions has been stubbed. {"functionsResolution":{"declared":true,"installed":true,"version":"4.4.0","resolution":"C:\\Users\\isuru\\WebstormProjects\\amazon_clone\\functions\\node_modules\\firebase-functions\\lib\\v1\\index.js"}} {"metadata":{"emulator":{"name":"functions"},"function":{"name":"us-central1-api"},"extension":{},"message":"[runtime-status] [7376] firebase-functions has been stubbed. {\"functionsResolution\":{\"declared\":true,\"installed\":true,\"version\":\"4.4.0\",\"resolution\":\"C:\\\\Users\\\\isuru\\\\WebstormProjects\\\\amazon_clone\\\\functions\\\\node_modules\\\\firebase-functions\\\\lib\\\\v1\\\\index.js\"}}"}}
[debug] [2023-05-30T13:22:12.523Z] [runtime-status] [7376] Resolved module firebase-functions {"declared":true,"installed":true,"version":"4.4.0","resolution":"C:\\Users\\isuru\\WebstormProjects\\amazon_clone\\functions\\node_modules\\firebase-functions\\lib\\v1\\index.js"} {"metadata":{"emulator":{"name":"functions"},"function":{"name":"us-central1-api"},"extension":{},"message":"[runtime-status] [7376] Resolved module firebase-functions {\"declared\":true,\"installed\":true,\"version\":\"4.4.0\",\"resolution\":\"C:\\\\Users\\\\isuru\\\\WebstormProjects\\\\amazon_clone\\\\functions\\\\node_modules\\\\firebase-functions\\\\lib\\\\v1\\\\index.js\"}"}}
[debug] [2023-05-30T13:22:12.526Z] [runtime-status] [7376] Resolved module firebase-admin {"declared":true,"installed":true,"version":"11.8.0","resolution":"C:\\Users\\isuru\\WebstormProjects\\amazon_clone\\functions\\node_modules\\firebase-admin\\lib\\index.js"} {"metadata":{"emulator":{"name":"functions"},"function":{"name":"us-central1-api"},"extension":{},"message":"[runtime-status] [7376] Resolved module firebase-admin {\"declared\":true,\"installed\":true,\"version\":\"11.8.0\",\"resolution\":\"C:\\\\Users\\\\isuru\\\\WebstormProjects\\\\amazon_clone\\\\functions\\\\node_modules\\\\firebase-admin\\\\lib\\\\index.js\"}"}}
[debug] [2023-05-30T13:22:12.530Z] [runtime-status] [7376] Resolved module firebase-functions {"declared":true,"installed":true,"version":"4.4.0","resolution":"C:\\Users\\isuru\\WebstormProjects\\amazon_clone\\functions\\node_modules\\firebase-functions\\lib\\v1\\index.js"} {"metadata":{"emulator":{"name":"functions"},"function":{"name":"us-central1-api"},"extension":{},"message":"[runtime-status] [7376] Resolved module firebase-functions {\"declared\":true,\"installed\":true,\"version\":\"4.4.0\",\"resolution\":\"C:\\\\Users\\\\isuru\\\\WebstormProjects\\\\amazon_clone\\\\functions\\\\node_modules\\\\firebase-functions\\\\lib\\\\v1\\\\index.js\"}"}}
[debug] [2023-05-30T13:22:12.531Z] [runtime-status] [7376] firebase-admin has been stubbed. {"adminResolution":{"declared":true,"installed":true,"version":"11.8.0","resolution":"C:\\Users\\isuru\\WebstormProjects\\amazon_clone\\functions\\node_modules\\firebase-admin\\lib\\index.js"}} {"metadata":{"emulator":{"name":"functions"},"function":{"name":"us-central1-api"},"extension":{},"message":"[runtime-status] [7376] firebase-admin has been stubbed. {\"adminResolution\":{\"declared\":true,\"installed\":true,\"version\":\"11.8.0\",\"resolution\":\"C:\\\\Users\\\\isuru\\\\WebstormProjects\\\\amazon_clone\\\\functions\\\\node_modules\\\\firebase-admin\\\\lib\\\\index.js\"}}"}}
[debug] [2023-05-30T13:22:13.034Z] [runtime-status] [1932] Functions runtime initialized. {"cwd":"C:\\Users\\isuru\\WebstormProjects\\amazon_clone\\functions","node_version":"18.16.0"} {"metadata":{"emulator":{"name":"functions"},"function":{"name":"us-central1-api"},"extension":{},"message":"[runtime-status] [1932] Functions runtime initialized. {\"cwd\":\"C:\\\\Users\\\\isuru\\\\WebstormProjects\\\\amazon_clone\\\\functions\",\"node_version\":\"18.16.0\"}"}}
[debug] [2023-05-30T13:22:13.034Z] [runtime-status] [1932] Listening to port: \\?\pipe\fire_emu_38b6d566b2a5192d {"metadata":{"emulator":{"name":"functions"},"function":{"name":"us-central1-api"},"extension":{},"message":"[runtime-status] [1932] Listening to port: \\\\?\\pipe\\fire_emu_38b6d566b2a5192d"}}
[debug] [2023-05-30T13:22:13.056Z] [worker-us-central1-api-dc2677b9-22a3-4d17-877a-df1cb4f77197]: IDLE {"metadata":{"emulator":{"name":"functions"},"function":{"name":"us-central1-api"},"extension":{},"message":"[worker-us-central1-api-dc2677b9-22a3-4d17-877a-df1cb4f77197]: IDLE"}}
[debug] [2023-05-30T13:22:13.057Z] [worker-pool] submitRequest(triggerId=us-central1-api) {"metadata":{"emulator":{"name":"functions"},"message":"[worker-pool] submitRequest(triggerId=us-central1-api)"}}
[info] i  functions: Beginning execution of "us-central1-api" {"metadata":{"emulator":{"name":"functions"},"function":{"name":"us-central1-api"},"extension":{},"message":"Beginning execution of \"us-central1-api\""}}
[debug] [2023-05-30T13:22:13.058Z] [worker-us-central1-api-dc2677b9-22a3-4d17-877a-df1cb4f77197]: BUSY {"metadata":{"emulator":{"name":"functions"},"function":{"name":"us-central1-api"},"extension":{},"message":"[worker-us-central1-api-dc2677b9-22a3-4d17-877a-df1cb4f77197]: BUSY"}}
[info] >  payments request received  200000 {"user":"payments request received  200000","metadata":{"emulator":{"name":"functions"},"function":{"name":"us-central1-api"},"extension":{},"message":"\u001b[90m> \u001b[39m payments request received  200000"}}
[debug] [2023-05-30T13:22:13.094Z] [runtime-status] [7376] Functions runtime initialized. {"cwd":"C:\\Users\\isuru\\WebstormProjects\\amazon_clone\\functions","node_version":"18.16.0"} {"metadata":{"emulator":{"name":"functions"},"function":{"name":"us-central1-api"},"extension":{},"message":"[runtime-status] [7376] Functions runtime initialized. {\"cwd\":\"C:\\\\Users\\\\isuru\\\\WebstormProjects\\\\amazon_clone\\\\functions\",\"node_version\":\"18.16.0\"}"}}
[debug] [2023-05-30T13:22:13.094Z] [runtime-status] [7376] Listening to port: \\?\pipe\fire_emu_721c7f013a0cb492 {"metadata":{"emulator":{"name":"functions"},"function":{"name":"us-central1-api"},"extension":{},"message":"[runtime-status] [7376] Listening to port: \\\\?\\pipe\\fire_emu_721c7f013a0cb492"}}
[debug] [2023-05-30T13:22:13.159Z] [worker-us-central1-api-16159da0-ac22-48cf-98c3-30f66907c5a2]: IDLE {"metadata":{"emulator":{"name":"functions"},"function":{"name":"us-central1-api"},"extension":{},"message":"[worker-us-central1-api-16159da0-ac22-48cf-98c3-30f66907c5a2]: IDLE"}}
[debug] [2023-05-30T13:22:13.160Z] [worker-pool] submitRequest(triggerId=us-central1-api) {"metadata":{"emulator":{"name":"functions"},"message":"[worker-pool] submitRequest(triggerId=us-central1-api)"}}
[info] i  functions: Beginning execution of "us-central1-api" {"metadata":{"emulator":{"name":"functions"},"function":{"name":"us-central1-api"},"extension":{},"message":"Beginning execution of \"us-central1-api\""}}
[debug] [2023-05-30T13:22:13.163Z] [worker-us-central1-api-16159da0-ac22-48cf-98c3-30f66907c5a2]: BUSY {"metadata":{"emulator":{"name":"functions"},"function":{"name":"us-central1-api"},"extension":{},"message":"[worker-us-central1-api-16159da0-ac22-48cf-98c3-30f66907c5a2]: BUSY"}}
[info] >  payments request received  200000 {"user":"payments request received  200000","metadata":{"emulator":{"name":"functions"},"function":{"name":"us-central1-api"},"extension":{},"message":"\u001b[90m> \u001b[39m payments request received  200000"}}
[debug] [2023-05-30T13:22:13.917Z] Finishing up request with event=pause {"metadata":{"emulator":{"name":"functions"},"function":{"name":"us-central1-api"},"extension":{},"message":"Finishing up request with event=pause"}}
[info] i  functions: Finished "us-central1-api" in 859.2798ms {"metadata":{"emulator":{"name":"functions"},"function":{"name":"us-central1-api"},"extension":{},"message":"Finished \"us-central1-api\" in 859.2798ms"}}
[debug] [2023-05-30T13:22:13.918Z] [worker-us-central1-api-dc2677b9-22a3-4d17-877a-df1cb4f77197]: IDLE {"metadata":{"emulator":{"name":"functions"},"function":{"name":"us-central1-api"},"extension":{},"message":"[worker-us-central1-api-dc2677b9-22a3-4d17-877a-df1cb4f77197]: IDLE"}}
[debug] [2023-05-30T13:22:13.918Z] Finishing up request with event=finish {"metadata":{"emulator":{"name":"functions"},"function":{"name":"us-central1-api"},"extension":{},"message":"Finishing up request with event=finish"}}
[debug] [2023-05-30T13:22:13.919Z] Finishing up request with event=close {"metadata":{"emulator":{"name":"functions"},"function":{"name":"us-central1-api"},"extension":{},"message":"Finishing up request with event=close"}}
[debug] [2023-05-30T13:22:13.919Z] [work-queue] {"queuedWork":[],"queueLength":0,"runningWork":["/clone-202305/us-central1/api/payments/create-2023-05-30T13:22:05.196Z","/clone-202305/us-central1/api/payments/create-2023-05-30T13:22:11.917Z"],"workRunningCount":2}
[debug] [2023-05-30T13:22:13.982Z] Finishing up request with event=pause {"metadata":{"emulator":{"name":"functions"},"function":{"name":"us-central1-api"},"extension":{},"message":"Finishing up request with event=pause"}}
[info] i  functions: Finished "us-central1-api" in 819.1107ms {"metadata":{"emulator":{"name":"functions"},"function":{"name":"us-central1-api"},"extension":{},"message":"Finished \"us-central1-api\" in 819.1107ms"}}
[debug] [2023-05-30T13:22:13.984Z] [worker-us-central1-api-16159da0-ac22-48cf-98c3-30f66907c5a2]: IDLE {"metadata":{"emulator":{"name":"functions"},"function":{"name":"us-central1-api"},"extension":{},"message":"[worker-us-central1-api-16159da0-ac22-48cf-98c3-30f66907c5a2]: IDLE"}}
[debug] [2023-05-30T13:22:13.984Z] Finishing up request with event=finish {"metadata":{"emulator":{"name":"functions"},"function":{"name":"us-central1-api"},"extension":{},"message":"Finishing up request with event=finish"}}
[debug] [2023-05-30T13:22:13.985Z] Finishing up request with event=close {"metadata":{"emulator":{"name":"functions"},"function":{"name":"us-central1-api"},"extension":{},"message":"Finishing up request with event=close"}}
[debug] [2023-05-30T13:22:13.985Z] [work-queue] {"queuedWork":[],"queueLength":0,"runningWork":["/clone-202305/us-central1/api/payments/create-2023-05-30T13:22:11.917Z"],"workRunningCount":1}
[debug] [2023-05-30T13:22:14.792Z] [runtime-status] [11104] Resolved module firebase-admin {"declared":true,"installed":true,"version":"11.8.0","resolution":"C:\\Users\\isuru\\WebstormProjects\\amazon_clone\\functions\\node_modules\\firebase-admin\\lib\\index.js"} {"metadata":{"emulator":{"name":"functions"},"function":{"name":"us-central1-api"},"extension":{},"message":"[runtime-status] [11104] Resolved module firebase-admin {\"declared\":true,\"installed\":true,\"version\":\"11.8.0\",\"resolution\":\"C:\\\\Users\\\\isuru\\\\WebstormProjects\\\\amazon_clone\\\\functions\\\\node_modules\\\\firebase-admin\\\\lib\\\\index.js\"}"}}
[debug] [2023-05-30T13:22:14.794Z] [runtime-status] [11104] Resolved module firebase-functions {"declared":true,"installed":true,"version":"4.4.0","resolution":"C:\\Users\\isuru\\WebstormProjects\\amazon_clone\\functions\\node_modules\\firebase-functions\\lib\\v1\\index.js"} {"metadata":{"emulator":{"name":"functions"},"function":{"name":"us-central1-api"},"extension":{},"message":"[runtime-status] [11104] Resolved module firebase-functions {\"declared\":true,\"installed\":true,\"version\":\"4.4.0\",\"resolution\":\"C:\\\\Users\\\\isuru\\\\WebstormProjects\\\\amazon_clone\\\\functions\\\\node_modules\\\\firebase-functions\\\\lib\\\\v1\\\\index.js\"}"}}
[debug] [2023-05-30T13:22:14.794Z] [runtime-status] [11104] Outgoing network have been stubbed. [{"name":"http","status":"mocked"},{"name":"http","status":"mocked"},{"name":"https","status":"mocked"},{"name":"https","status":"mocked"},{"name":"net","status":"mocked"}] {"metadata":{"emulator":{"name":"functions"},"function":{"name":"us-central1-api"},"extension":{},"message":"[runtime-status] [11104] Outgoing network have been stubbed. [{\"name\":\"http\",\"status\":\"mocked\"},{\"name\":\"http\",\"status\":\"mocked\"},{\"name\":\"https\",\"status\":\"mocked\"},{\"name\":\"https\",\"status\":\"mocked\"},{\"name\":\"net\",\"status\":\"mocked\"}]"}}
[debug] [2023-05-30T13:22:14.796Z] [runtime-status] [11104] Resolved module firebase-functions {"declared":true,"installed":true,"version":"4.4.0","resolution":"C:\\Users\\isuru\\WebstormProjects\\amazon_clone\\functions\\node_modules\\firebase-functions\\lib\\v1\\index.js"} {"metadata":{"emulator":{"name":"functions"},"function":{"name":"us-central1-api"},"extension":{},"message":"[runtime-status] [11104] Resolved module firebase-functions {\"declared\":true,\"installed\":true,\"version\":\"4.4.0\",\"resolution\":\"C:\\\\Users\\\\isuru\\\\WebstormProjects\\\\amazon_clone\\\\functions\\\\node_modules\\\\firebase-functions\\\\lib\\\\v1\\\\index.js\"}"}}
[debug] [2023-05-30T13:22:15.263Z] [runtime-status] [11104] Checked functions.config() {"config":{}} {"metadata":{"emulator":{"name":"functions"},"function":{"name":"us-central1-api"},"extension":{},"message":"[runtime-status] [11104] Checked functions.config() {\"config\":{}}"}}
[debug] [2023-05-30T13:22:15.264Z] [runtime-status] [11104] firebase-functions has been stubbed. {"functionsResolution":{"declared":true,"installed":true,"version":"4.4.0","resolution":"C:\\Users\\isuru\\WebstormProjects\\amazon_clone\\functions\\node_modules\\firebase-functions\\lib\\v1\\index.js"}} {"metadata":{"emulator":{"name":"functions"},"function":{"name":"us-central1-api"},"extension":{},"message":"[runtime-status] [11104] firebase-functions has been stubbed. {\"functionsResolution\":{\"declared\":true,\"installed\":true,\"version\":\"4.4.0\",\"resolution\":\"C:\\\\Users\\\\isuru\\\\WebstormProjects\\\\amazon_clone\\\\functions\\\\node_modules\\\\firebase-functions\\\\lib\\\\v1\\\\index.js\"}}"}}
[debug] [2023-05-30T13:22:15.266Z] [runtime-status] [11104] Resolved module firebase-functions {"declared":true,"installed":true,"version":"4.4.0","resolution":"C:\\Users\\isuru\\WebstormProjects\\amazon_clone\\functions\\node_modules\\firebase-functions\\lib\\v1\\index.js"} {"metadata":{"emulator":{"name":"functions"},"function":{"name":"us-central1-api"},"extension":{},"message":"[runtime-status] [11104] Resolved module firebase-functions {\"declared\":true,\"installed\":true,\"version\":\"4.4.0\",\"resolution\":\"C:\\\\Users\\\\isuru\\\\WebstormProjects\\\\amazon_clone\\\\functions\\\\node_modules\\\\firebase-functions\\\\lib\\\\v1\\\\index.js\"}"}}
[debug] [2023-05-30T13:22:15.285Z] [runtime-status] [11104] Resolved module firebase-admin {"declared":true,"installed":true,"version":"11.8.0","resolution":"C:\\Users\\isuru\\WebstormProjects\\amazon_clone\\functions\\node_modules\\firebase-admin\\lib\\index.js"} {"metadata":{"emulator":{"name":"functions"},"function":{"name":"us-central1-api"},"extension":{},"message":"[runtime-status] [11104] Resolved module firebase-admin {\"declared\":true,\"installed\":true,\"version\":\"11.8.0\",\"resolution\":\"C:\\\\Users\\\\isuru\\\\WebstormProjects\\\\amazon_clone\\\\functions\\\\node_modules\\\\firebase-admin\\\\lib\\\\index.js\"}"}}
[debug] [2023-05-30T13:22:15.289Z] [runtime-status] [11104] Resolved module firebase-functions {"declared":true,"installed":true,"version":"4.4.0","resolution":"C:\\Users\\isuru\\WebstormProjects\\amazon_clone\\functions\\node_modules\\firebase-functions\\lib\\v1\\index.js"} {"metadata":{"emulator":{"name":"functions"},"function":{"name":"us-central1-api"},"extension":{},"message":"[runtime-status] [11104] Resolved module firebase-functions {\"declared\":true,\"installed\":true,\"version\":\"4.4.0\",\"resolution\":\"C:\\\\Users\\\\isuru\\\\WebstormProjects\\\\amazon_clone\\\\functions\\\\node_modules\\\\firebase-functions\\\\lib\\\\v1\\\\index.js\"}"}}
[debug] [2023-05-30T13:22:15.289Z] [runtime-status] [11104] firebase-admin has been stubbed. {"adminResolution":{"declared":true,"installed":true,"version":"11.8.0","resolution":"C:\\Users\\isuru\\WebstormProjects\\amazon_clone\\functions\\node_modules\\firebase-admin\\lib\\index.js"}} {"metadata":{"emulator":{"name":"functions"},"function":{"name":"us-central1-api"},"extension":{},"message":"[runtime-status] [11104] firebase-admin has been stubbed. {\"adminResolution\":{\"declared\":true,\"installed\":true,\"version\":\"11.8.0\",\"resolution\":\"C:\\\\Users\\\\isuru\\\\WebstormProjects\\\\amazon_clone\\\\functions\\\\node_modules\\\\firebase-admin\\\\lib\\\\index.js\"}}"}}
[debug] [2023-05-30T13:22:15.931Z] [runtime-status] [11104] Functions runtime initialized. {"cwd":"C:\\Users\\isuru\\WebstormProjects\\amazon_clone\\functions","node_version":"18.16.0"} {"metadata":{"emulator":{"name":"functions"},"function":{"name":"us-central1-api"},"extension":{},"message":"[runtime-status] [11104] Functions runtime initialized. {\"cwd\":\"C:\\\\Users\\\\isuru\\\\WebstormProjects\\\\amazon_clone\\\\functions\",\"node_version\":\"18.16.0\"}"}}
[debug] [2023-05-30T13:22:15.932Z] [runtime-status] [11104] Listening to port: \\?\pipe\fire_emu_20cd5ed87354d227 {"metadata":{"emulator":{"name":"functions"},"function":{"name":"us-central1-api"},"extension":{},"message":"[runtime-status] [11104] Listening to port: \\\\?\\pipe\\fire_emu_20cd5ed87354d227"}}
[debug] [2023-05-30T13:22:16.051Z] [worker-us-central1-api-af353e4d-d535-4efc-ba48-1fe72b43b87e]: IDLE {"metadata":{"emulator":{"name":"functions"},"function":{"name":"us-central1-api"},"extension":{},"message":"[worker-us-central1-api-af353e4d-d535-4efc-ba48-1fe72b43b87e]: IDLE"}}
[debug] [2023-05-30T13:22:16.052Z] [worker-pool] submitRequest(triggerId=us-central1-api) {"metadata":{"emulator":{"name":"functions"},"message":"[worker-pool] submitRequest(triggerId=us-central1-api)"}}
[info] i  functions: Beginning execution of "us-central1-api" {"metadata":{"emulator":{"name":"functions"},"function":{"name":"us-central1-api"},"extension":{},"message":"Beginning execution of \"us-central1-api\""}}
[debug] [2023-05-30T13:22:16.054Z] [worker-us-central1-api-16159da0-ac22-48cf-98c3-30f66907c5a2]: BUSY {"metadata":{"emulator":{"name":"functions"},"function":{"name":"us-central1-api"},"extension":{},"message":"[worker-us-central1-api-16159da0-ac22-48cf-98c3-30f66907c5a2]: BUSY"}}
[info] >  payments request received  150000 {"user":"payments request received  150000","metadata":{"emulator":{"name":"functions"},"function":{"name":"us-central1-api"},"extension":{},"message":"\u001b[90m> \u001b[39m payments request received  150000"}}
[debug] [2023-05-30T13:22:16.493Z] Finishing up request with event=pause {"metadata":{"emulator":{"name":"functions"},"function":{"name":"us-central1-api"},"extension":{},"message":"Finishing up request with event=pause"}}
[info] i  functions: Finished "us-central1-api" in 438.7659ms {"metadata":{"emulator":{"name":"functions"},"function":{"name":"us-central1-api"},"extension":{},"message":"Finished \"us-central1-api\" in 438.7659ms"}}
[debug] [2023-05-30T13:22:16.494Z] [worker-us-central1-api-16159da0-ac22-48cf-98c3-30f66907c5a2]: IDLE {"metadata":{"emulator":{"name":"functions"},"function":{"name":"us-central1-api"},"extension":{},"message":"[worker-us-central1-api-16159da0-ac22-48cf-98c3-30f66907c5a2]: IDLE"}}
[debug] [2023-05-30T13:22:16.494Z] Finishing up request with event=finish {"metadata":{"emulator":{"name":"functions"},"function":{"name":"us-central1-api"},"extension":{},"message":"Finishing up request with event=finish"}}
[debug] [2023-05-30T13:22:16.494Z] Finishing up request with event=close {"metadata":{"emulator":{"name":"functions"},"function":{"name":"us-central1-api"},"extension":{},"message":"Finishing up request with event=close"}}
[debug] [2023-05-30T13:22:16.494Z] [work-queue] {"queuedWork":[],"queueLength":0,"runningWork":[],"workRunningCount":0}
[debug] [2023-05-30T13:22:34.329Z] [work-queue] {"queuedWork":["/clone-202305/us-central1/api/payments/create-2023-05-30T13:22:34.329Z"],"queueLength":1,"runningWork":[],"workRunningCount":0}
[debug] [2023-05-30T13:22:34.329Z] [work-queue] {"queuedWork":[],"queueLength":0,"runningWork":["/clone-202305/us-central1/api/payments/create-2023-05-30T13:22:34.329Z"],"workRunningCount":1}
[debug] [2023-05-30T13:22:34.330Z] Accepted request POST /clone-202305/us-central1/api/payments/create?total=340000 --> us-central1-api
[debug] [2023-05-30T13:22:34.344Z] [functions] Runtime ready! Sending request! {"metadata":{"emulator":{"name":"functions"},"message":"[functions] Runtime ready! Sending request!"}}
[debug] [2023-05-30T13:22:34.347Z] [functions] Got req.url=/clone-202305/us-central1/api/payments/create?total=340000, mapping to path=/payments/create?total=340000 {"metadata":{"emulator":{"name":"functions"},"message":"[functions] Got req.url=/clone-202305/us-central1/api/payments/create?total=340000, mapping to path=/payments/create?total=340000"}}
[debug] [2023-05-30T13:22:34.347Z] [worker-pool] submitRequest(triggerId=us-central1-api) {"metadata":{"emulator":{"name":"functions"},"message":"[worker-pool] submitRequest(triggerId=us-central1-api)"}}
[info] i  functions: Beginning execution of "us-central1-api" {"metadata":{"emulator":{"name":"functions"},"function":{"name":"us-central1-api"},"extension":{},"message":"Beginning execution of \"us-central1-api\""}}
[debug] [2023-05-30T13:22:34.348Z] [worker-us-central1-api-16159da0-ac22-48cf-98c3-30f66907c5a2]: BUSY {"metadata":{"emulator":{"name":"functions"},"function":{"name":"us-central1-api"},"extension":{},"message":"[worker-us-central1-api-16159da0-ac22-48cf-98c3-30f66907c5a2]: BUSY"}}
[debug] [2023-05-30T13:22:34.352Z] [work-queue] {"queuedWork":["/clone-202305/us-central1/api/payments/create-2023-05-30T13:22:34.352Z"],"queueLength":1,"runningWork":["/clone-202305/us-central1/api/payments/create-2023-05-30T13:22:34.329Z"],"workRunningCount":1}
[debug] [2023-05-30T13:22:34.352Z] [work-queue] {"queuedWork":[],"queueLength":0,"runningWork":["/clone-202305/us-central1/api/payments/create-2023-05-30T13:22:34.329Z","/clone-202305/us-central1/api/payments/create-2023-05-30T13:22:34.352Z"],"workRunningCount":2}
[debug] [2023-05-30T13:22:34.352Z] Accepted request POST /clone-202305/us-central1/api/payments/create?total=340000 --> us-central1-api
[debug] [2023-05-30T13:22:34.359Z] [functions] Runtime ready! Sending request! {"metadata":{"emulator":{"name":"functions"},"message":"[functions] Runtime ready! Sending request!"}}
[debug] [2023-05-30T13:22:34.359Z] [functions] Got req.url=/clone-202305/us-central1/api/payments/create?total=340000, mapping to path=/payments/create?total=340000 {"metadata":{"emulator":{"name":"functions"},"message":"[functions] Got req.url=/clone-202305/us-central1/api/payments/create?total=340000, mapping to path=/payments/create?total=340000"}}
[debug] [2023-05-30T13:22:34.359Z] [worker-pool] submitRequest(triggerId=us-central1-api) {"metadata":{"emulator":{"name":"functions"},"message":"[worker-pool] submitRequest(triggerId=us-central1-api)"}}
[info] i  functions: Beginning execution of "us-central1-api" {"metadata":{"emulator":{"name":"functions"},"function":{"name":"us-central1-api"},"extension":{},"message":"Beginning execution of \"us-central1-api\""}}
[debug] [2023-05-30T13:22:34.360Z] [worker-us-central1-api-dc2677b9-22a3-4d17-877a-df1cb4f77197]: BUSY {"metadata":{"emulator":{"name":"functions"},"function":{"name":"us-central1-api"},"extension":{},"message":"[worker-us-central1-api-dc2677b9-22a3-4d17-877a-df1cb4f77197]: BUSY"}}
[info] >  payments request received  340000 {"user":"payments request received  340000","metadata":{"emulator":{"name":"functions"},"function":{"name":"us-central1-api"},"extension":{},"message":"\u001b[90m> \u001b[39m payments request received  340000"}}
[info] >  payments request received  340000 {"user":"payments request received  340000","metadata":{"emulator":{"name":"functions"},"function":{"name":"us-central1-api"},"extension":{},"message":"\u001b[90m> \u001b[39m payments request received  340000"}}
[debug] [2023-05-30T13:22:34.763Z] Finishing up request with event=pause {"metadata":{"emulator":{"name":"functions"},"function":{"name":"us-central1-api"},"extension":{},"message":"Finishing up request with event=pause"}}
[info] i  functions: Finished "us-central1-api" in 415.1205ms {"metadata":{"emulator":{"name":"functions"},"function":{"name":"us-central1-api"},"extension":{},"message":"Finished \"us-central1-api\" in 415.1205ms"}}
[debug] [2023-05-30T13:22:34.788Z] [worker-us-central1-api-16159da0-ac22-48cf-98c3-30f66907c5a2]: IDLE {"metadata":{"emulator":{"name":"functions"},"function":{"name":"us-central1-api"},"extension":{},"message":"[worker-us-central1-api-16159da0-ac22-48cf-98c3-30f66907c5a2]: IDLE"}}
[debug] [2023-05-30T13:22:34.788Z] Finishing up request with event=finish {"metadata":{"emulator":{"name":"functions"},"function":{"name":"us-central1-api"},"extension":{},"message":"Finishing up request with event=finish"}}
[debug] [2023-05-30T13:22:34.788Z] Finishing up request with event=close {"metadata":{"emulator":{"name":"functions"},"function":{"name":"us-central1-api"},"extension":{},"message":"Finishing up request with event=close"}}
[debug] [2023-05-30T13:22:34.788Z] [work-queue] {"queuedWork":[],"queueLength":0,"runningWork":["/clone-202305/us-central1/api/payments/create-2023-05-30T13:22:34.352Z"],"workRunningCount":1}
[debug] [2023-05-30T13:22:34.790Z] Finishing up request with event=pause {"metadata":{"emulator":{"name":"functions"},"function":{"name":"us-central1-api"},"extension":{},"message":"Finishing up request with event=pause"}}
[info] i  functions: Finished "us-central1-api" in 430.1108ms {"metadata":{"emulator":{"name":"functions"},"function":{"name":"us-central1-api"},"extension":{},"message":"Finished \"us-central1-api\" in 430.1108ms"}}
[debug] [2023-05-30T13:22:34.798Z] [worker-us-central1-api-dc2677b9-22a3-4d17-877a-df1cb4f77197]: IDLE {"metadata":{"emulator":{"name":"functions"},"function":{"name":"us-central1-api"},"extension":{},"message":"[worker-us-central1-api-dc2677b9-22a3-4d17-877a-df1cb4f77197]: IDLE"}}
[debug] [2023-05-30T13:22:34.798Z] Finishing up request with event=finish {"metadata":{"emulator":{"name":"functions"},"function":{"name":"us-central1-api"},"extension":{},"message":"Finishing up request with event=finish"}}
[debug] [2023-05-30T13:22:34.798Z] Finishing up request with event=close {"metadata":{"emulator":{"name":"functions"},"function":{"name":"us-central1-api"},"extension":{},"message":"Finishing up request with event=close"}}
[debug] [2023-05-30T13:22:34.798Z] [work-queue] {"queuedWork":[],"queueLength":0,"runningWork":[],"workRunningCount":0}
[debug] [2023-05-30T13:30:59.115Z] [work-queue] {"queuedWork":["/clone-202305/us-central1/api/payments/create-2023-05-30T13:30:59.115Z"],"queueLength":1,"runningWork":[],"workRunningCount":0}
[debug] [2023-05-30T13:30:59.116Z] [work-queue] {"queuedWork":[],"queueLength":0,"runningWork":["/clone-202305/us-central1/api/payments/create-2023-05-30T13:30:59.115Z"],"workRunningCount":1}
[debug] [2023-05-30T13:30:59.116Z] Accepted request POST /clone-202305/us-central1/api/payments/create?total=340000 --> us-central1-api
[debug] [2023-05-30T13:30:59.124Z] [functions] Runtime ready! Sending request! {"metadata":{"emulator":{"name":"functions"},"message":"[functions] Runtime ready! Sending request!"}}
[debug] [2023-05-30T13:30:59.124Z] [functions] Got req.url=/clone-202305/us-central1/api/payments/create?total=340000, mapping to path=/payments/create?total=340000 {"metadata":{"emulator":{"name":"functions"},"message":"[functions] Got req.url=/clone-202305/us-central1/api/payments/create?total=340000, mapping to path=/payments/create?total=340000"}}
[debug] [2023-05-30T13:30:59.124Z] [worker-pool] submitRequest(triggerId=us-central1-api) {"metadata":{"emulator":{"name":"functions"},"message":"[worker-pool] submitRequest(triggerId=us-central1-api)"}}
[info] i  functions: Beginning execution of "us-central1-api" {"metadata":{"emulator":{"name":"functions"},"function":{"name":"us-central1-api"},"extension":{},"message":"Beginning execution of \"us-central1-api\""}}
[debug] [2023-05-30T13:30:59.136Z] [worker-us-central1-api-16159da0-ac22-48cf-98c3-30f66907c5a2]: BUSY {"metadata":{"emulator":{"name":"functions"},"function":{"name":"us-central1-api"},"extension":{},"message":"[worker-us-central1-api-16159da0-ac22-48cf-98c3-30f66907c5a2]: BUSY"}}
[debug] [2023-05-30T13:30:59.138Z] [work-queue] {"queuedWork":["/clone-202305/us-central1/api/payments/create-2023-05-30T13:30:59.138Z"],"queueLength":1,"runningWork":["/clone-202305/us-central1/api/payments/create-2023-05-30T13:30:59.115Z"],"workRunningCount":1}
[debug] [2023-05-30T13:30:59.139Z] [work-queue] {"queuedWork":[],"queueLength":0,"runningWork":["/clone-202305/us-central1/api/payments/create-2023-05-30T13:30:59.115Z","/clone-202305/us-central1/api/payments/create-2023-05-30T13:30:59.138Z"],"workRunningCount":2}
[debug] [2023-05-30T13:30:59.139Z] Accepted request POST /clone-202305/us-central1/api/payments/create?total=340000 --> us-central1-api
[debug] [2023-05-30T13:30:59.144Z] [functions] Runtime ready! Sending request! {"metadata":{"emulator":{"name":"functions"},"message":"[functions] Runtime ready! Sending request!"}}
[debug] [2023-05-30T13:30:59.145Z] [functions] Got req.url=/clone-202305/us-central1/api/payments/create?total=340000, mapping to path=/payments/create?total=340000 {"metadata":{"emulator":{"name":"functions"},"message":"[functions] Got req.url=/clone-202305/us-central1/api/payments/create?total=340000, mapping to path=/payments/create?total=340000"}}
[debug] [2023-05-30T13:30:59.145Z] [worker-pool] submitRequest(triggerId=us-central1-api) {"metadata":{"emulator":{"name":"functions"},"message":"[worker-pool] submitRequest(triggerId=us-central1-api)"}}
[info] i  functions: Beginning execution of "us-central1-api" {"metadata":{"emulator":{"name":"functions"},"function":{"name":"us-central1-api"},"extension":{},"message":"Beginning execution of \"us-central1-api\""}}
[debug] [2023-05-30T13:30:59.146Z] [worker-us-central1-api-dc2677b9-22a3-4d17-877a-df1cb4f77197]: BUSY {"metadata":{"emulator":{"name":"functions"},"function":{"name":"us-central1-api"},"extension":{},"message":"[worker-us-central1-api-dc2677b9-22a3-4d17-877a-df1cb4f77197]: BUSY"}}
[info] >  payments request received  340000 {"user":"payments request received  340000","metadata":{"emulator":{"name":"functions"},"function":{"name":"us-central1-api"},"extension":{},"message":"\u001b[90m> \u001b[39m payments request received  340000"}}
[info] >  payments request received  340000 {"user":"payments request received  340000","metadata":{"emulator":{"name":"functions"},"function":{"name":"us-central1-api"},"extension":{},"message":"\u001b[90m> \u001b[39m payments request received  340000"}}
[debug] [2023-05-30T13:30:59.867Z] Finishing up request with event=pause {"metadata":{"emulator":{"name":"functions"},"function":{"name":"us-central1-api"},"extension":{},"message":"Finishing up request with event=pause"}}
[info] i  functions: Finished "us-central1-api" in 721.4313ms {"metadata":{"emulator":{"name":"functions"},"function":{"name":"us-central1-api"},"extension":{},"message":"Finished \"us-central1-api\" in 721.4313ms"}}
[debug] [2023-05-30T13:30:59.869Z] [worker-us-central1-api-dc2677b9-22a3-4d17-877a-df1cb4f77197]: IDLE {"metadata":{"emulator":{"name":"functions"},"function":{"name":"us-central1-api"},"extension":{},"message":"[worker-us-central1-api-dc2677b9-22a3-4d17-877a-df1cb4f77197]: IDLE"}}
[debug] [2023-05-30T13:30:59.870Z] Finishing up request with event=finish {"metadata":{"emulator":{"name":"functions"},"function":{"name":"us-central1-api"},"extension":{},"message":"Finishing up request with event=finish"}}
[debug] [2023-05-30T13:30:59.870Z] Finishing up request with event=close {"metadata":{"emulator":{"name":"functions"},"function":{"name":"us-central1-api"},"extension":{},"message":"Finishing up request with event=close"}}
[debug] [2023-05-30T13:30:59.870Z] [work-queue] {"queuedWork":[],"queueLength":0,"runningWork":["/clone-202305/us-central1/api/payments/create-2023-05-30T13:30:59.115Z"],"workRunningCount":1}
[debug] [2023-05-30T13:30:59.888Z] Finishing up request with event=pause {"metadata":{"emulator":{"name":"functions"},"function":{"name":"us-central1-api"},"extension":{},"message":"Finishing up request with event=pause"}}
[info] i  functions: Finished "us-central1-api" in 752.3872ms {"metadata":{"emulator":{"name":"functions"},"function":{"name":"us-central1-api"},"extension":{},"message":"Finished \"us-central1-api\" in 752.3872ms"}}
[debug] [2023-05-30T13:30:59.910Z] [worker-us-central1-api-16159da0-ac22-48cf-98c3-30f66907c5a2]: IDLE {"metadata":{"emulator":{"name":"functions"},"function":{"name":"us-central1-api"},"extension":{},"message":"[worker-us-central1-api-16159da0-ac22-48cf-98c3-30f66907c5a2]: IDLE"}}
[debug] [2023-05-30T13:30:59.910Z] Finishing up request with event=finish {"metadata":{"emulator":{"name":"functions"},"function":{"name":"us-central1-api"},"extension":{},"message":"Finishing up request with event=finish"}}
[debug] [2023-05-30T13:30:59.911Z] Finishing up request with event=close {"metadata":{"emulator":{"name":"functions"},"function":{"name":"us-central1-api"},"extension":{},"message":"Finishing up request with event=close"}}
[debug] [2023-05-30T13:30:59.911Z] [work-queue] {"queuedWork":[],"queueLength":0,"runningWork":[],"workRunningCount":0}
